{
  "C:\\Users\\ASUS\\Desktop\\NewNewSE2\\PULSeBS\\client\\src\\API\\Lecture.js": {
    "path": "C:\\Users\\ASUS\\Desktop\\NewNewSE2\\PULSeBS\\client\\src\\API\\Lecture.js",
    "statementMap": {
      "0": {
        "start": {
          "line": 15,
          "column": 22
        },
        "end": {
          "line": 21,
          "column": 5
        }
      },
      "1": {
        "start": {
          "line": 16,
          "column": 28
        },
        "end": {
          "line": 16,
          "column": 30
        }
      },
      "2": {
        "start": {
          "line": 17,
          "column": 27
        },
        "end": {
          "line": 17,
          "column": 47
        }
      },
      "3": {
        "start": {
          "line": 18,
          "column": 25
        },
        "end": {
          "line": 18,
          "column": 47
        }
      },
      "4": {
        "start": {
          "line": 19,
          "column": 30
        },
        "end": {
          "line": 19,
          "column": 150
        }
      },
      "5": {
        "start": {
          "line": 20,
          "column": 6
        },
        "end": {
          "line": 20,
          "column": 31
        }
      },
      "6": {
        "start": {
          "line": 23,
          "column": 4
        },
        "end": {
          "line": 23,
          "column": 31
        }
      },
      "7": {
        "start": {
          "line": 24,
          "column": 4
        },
        "end": {
          "line": 24,
          "column": 29
        }
      },
      "8": {
        "start": {
          "line": 25,
          "column": 4
        },
        "end": {
          "line": 25,
          "column": 33
        }
      },
      "9": {
        "start": {
          "line": 26,
          "column": 4
        },
        "end": {
          "line": 26,
          "column": 38
        }
      },
      "10": {
        "start": {
          "line": 27,
          "column": 4
        },
        "end": {
          "line": 27,
          "column": 34
        }
      },
      "11": {
        "start": {
          "line": 28,
          "column": 4
        },
        "end": {
          "line": 28,
          "column": 25
        }
      },
      "12": {
        "start": {
          "line": 29,
          "column": 4
        },
        "end": {
          "line": 29,
          "column": 35
        }
      },
      "13": {
        "start": {
          "line": 30,
          "column": 4
        },
        "end": {
          "line": 30,
          "column": 29
        }
      },
      "14": {
        "start": {
          "line": 31,
          "column": 4
        },
        "end": {
          "line": 31,
          "column": 35
        }
      },
      "15": {
        "start": {
          "line": 32,
          "column": 4
        },
        "end": {
          "line": 32,
          "column": 33
        }
      },
      "16": {
        "start": {
          "line": 33,
          "column": 4
        },
        "end": {
          "line": 33,
          "column": 33
        }
      },
      "17": {
        "start": {
          "line": 43,
          "column": 14
        },
        "end": {
          "line": 43,
          "column": 48
        }
      },
      "18": {
        "start": {
          "line": 44,
          "column": 4
        },
        "end": {
          "line": 44,
          "column": 13
        }
      }
    },
    "fnMap": {
      "0": {
        "name": "(anonymous_0)",
        "decl": {
          "start": {
            "line": 2,
            "column": 2
          },
          "end": {
            "line": 2,
            "column": 3
          }
        },
        "loc": {
          "start": {
            "line": 14,
            "column": 4
          },
          "end": {
            "line": 35,
            "column": 3
          }
        },
        "line": 14
      },
      "1": {
        "name": "(anonymous_1)",
        "decl": {
          "start": {
            "line": 15,
            "column": 22
          },
          "end": {
            "line": 15,
            "column": 23
          }
        },
        "loc": {
          "start": {
            "line": 15,
            "column": 30
          },
          "end": {
            "line": 21,
            "column": 5
          }
        },
        "line": 15
      },
      "2": {
        "name": "(anonymous_2)",
        "decl": {
          "start": {
            "line": 42,
            "column": 2
          },
          "end": {
            "line": 42,
            "column": 3
          }
        },
        "loc": {
          "start": {
            "line": 42,
            "column": 20
          },
          "end": {
            "line": 45,
            "column": 3
          }
        },
        "line": 42
      }
    },
    "branchMap": {},
    "s": {
      "0": 0,
      "1": 0,
      "2": 0,
      "3": 0,
      "4": 0,
      "5": 0,
      "6": 0,
      "7": 0,
      "8": 0,
      "9": 0,
      "10": 0,
      "11": 0,
      "12": 0,
      "13": 0,
      "14": 0,
      "15": 0,
      "16": 0,
      "17": 0,
      "18": 0
    },
    "f": {
      "0": 0,
      "1": 0,
      "2": 0
    },
    "b": {},
    "_coverageSchema": "1a1c01bbd47fc00a2c39e90264f33305004495a9",
    "hash": "63f5028843853154f87cd0ee08acfa8c8ad2cfc6"
  },
  "C:\\Users\\ASUS\\Desktop\\NewNewSE2\\PULSeBS\\client\\src\\API\\API.js": {
    "path": "C:\\Users\\ASUS\\Desktop\\NewNewSE2\\PULSeBS\\client\\src\\API\\API.js",
    "statementMap": {
      "0": {
        "start": {
          "line": 2,
          "column": 16
        },
        "end": {
          "line": 2,
          "column": 35
        }
      },
      "1": {
        "start": {
          "line": 6,
          "column": 12
        },
        "end": {
          "line": 6,
          "column": 39
        }
      },
      "2": {
        "start": {
          "line": 7,
          "column": 19
        },
        "end": {
          "line": 7,
          "column": 45
        }
      },
      "3": {
        "start": {
          "line": 8,
          "column": 22
        },
        "end": {
          "line": 8,
          "column": 43
        }
      },
      "4": {
        "start": {
          "line": 9,
          "column": 2
        },
        "end": {
          "line": 31,
          "column": 3
        }
      },
      "5": {
        "start": {
          "line": 10,
          "column": 21
        },
        "end": {
          "line": 10,
          "column": 41
        }
      },
      "6": {
        "start": {
          "line": 11,
          "column": 18
        },
        "end": {
          "line": 26,
          "column": 5
        }
      },
      "7": {
        "start": {
          "line": 13,
          "column": 8
        },
        "end": {
          "line": 25,
          "column": 9
        }
      },
      "8": {
        "start": {
          "line": 27,
          "column": 4
        },
        "end": {
          "line": 27,
          "column": 17
        }
      },
      "9": {
        "start": {
          "line": 29,
          "column": 14
        },
        "end": {
          "line": 29,
          "column": 62
        }
      },
      "10": {
        "start": {
          "line": 30,
          "column": 4
        },
        "end": {
          "line": 30,
          "column": 14
        }
      },
      "11": {
        "start": {
          "line": 36,
          "column": 13
        },
        "end": {
          "line": 36,
          "column": 23
        }
      },
      "12": {
        "start": {
          "line": 38,
          "column": 12
        },
        "end": {
          "line": 40,
          "column": 4
        }
      },
      "13": {
        "start": {
          "line": 41,
          "column": 2
        },
        "end": {
          "line": 41,
          "column": 31
        }
      },
      "14": {
        "start": {
          "line": 42,
          "column": 2
        },
        "end": {
          "line": 42,
          "column": 19
        }
      },
      "15": {
        "start": {
          "line": 43,
          "column": 19
        },
        "end": {
          "line": 43,
          "column": 45
        }
      },
      "16": {
        "start": {
          "line": 44,
          "column": 22
        },
        "end": {
          "line": 44,
          "column": 43
        }
      },
      "17": {
        "start": {
          "line": 45,
          "column": 2
        },
        "end": {
          "line": 67,
          "column": 3
        }
      },
      "18": {
        "start": {
          "line": 46,
          "column": 21
        },
        "end": {
          "line": 46,
          "column": 41
        }
      },
      "19": {
        "start": {
          "line": 47,
          "column": 18
        },
        "end": {
          "line": 62,
          "column": 5
        }
      },
      "20": {
        "start": {
          "line": 49,
          "column": 8
        },
        "end": {
          "line": 61,
          "column": 9
        }
      },
      "21": {
        "start": {
          "line": 63,
          "column": 4
        },
        "end": {
          "line": 63,
          "column": 17
        }
      },
      "22": {
        "start": {
          "line": 65,
          "column": 14
        },
        "end": {
          "line": 65,
          "column": 62
        }
      },
      "23": {
        "start": {
          "line": 66,
          "column": 4
        },
        "end": {
          "line": 66,
          "column": 14
        }
      },
      "24": {
        "start": {
          "line": 75,
          "column": 2
        },
        "end": {
          "line": 97,
          "column": 5
        }
      },
      "25": {
        "start": {
          "line": 77,
          "column": 14
        },
        "end": {
          "line": 77,
          "column": 34
        }
      },
      "26": {
        "start": {
          "line": 78,
          "column": 14
        },
        "end": {
          "line": 78,
          "column": 47
        }
      },
      "27": {
        "start": {
          "line": 79,
          "column": 15
        },
        "end": {
          "line": 79,
          "column": 39
        }
      },
      "28": {
        "start": {
          "line": 80,
          "column": 4
        },
        "end": {
          "line": 80,
          "column": 26
        }
      },
      "29": {
        "start": {
          "line": 82,
          "column": 4
        },
        "end": {
          "line": 82,
          "column": 78
        }
      },
      "30": {
        "start": {
          "line": 83,
          "column": 4
        },
        "end": {
          "line": 91,
          "column": 6
        }
      },
      "31": {
        "start": {
          "line": 84,
          "column": 6
        },
        "end": {
          "line": 90,
          "column": 7
        }
      },
      "32": {
        "start": {
          "line": 85,
          "column": 25
        },
        "end": {
          "line": 85,
          "column": 37
        }
      },
      "33": {
        "start": {
          "line": 86,
          "column": 18
        },
        "end": {
          "line": 86,
          "column": 38
        }
      },
      "34": {
        "start": {
          "line": 87,
          "column": 8
        },
        "end": {
          "line": 87,
          "column": 21
        }
      },
      "35": {
        "start": {
          "line": 89,
          "column": 8
        },
        "end": {
          "line": 89,
          "column": 38
        }
      },
      "36": {
        "start": {
          "line": 93,
          "column": 4
        },
        "end": {
          "line": 95,
          "column": 6
        }
      },
      "37": {
        "start": {
          "line": 94,
          "column": 6
        },
        "end": {
          "line": 94,
          "column": 37
        }
      },
      "38": {
        "start": {
          "line": 96,
          "column": 4
        },
        "end": {
          "line": 96,
          "column": 19
        }
      },
      "39": {
        "start": {
          "line": 103,
          "column": 2
        },
        "end": {
          "line": 125,
          "column": 5
        }
      },
      "40": {
        "start": {
          "line": 105,
          "column": 14
        },
        "end": {
          "line": 105,
          "column": 34
        }
      },
      "41": {
        "start": {
          "line": 106,
          "column": 14
        },
        "end": {
          "line": 106,
          "column": 47
        }
      },
      "42": {
        "start": {
          "line": 107,
          "column": 15
        },
        "end": {
          "line": 107,
          "column": 39
        }
      },
      "43": {
        "start": {
          "line": 108,
          "column": 4
        },
        "end": {
          "line": 108,
          "column": 28
        }
      },
      "44": {
        "start": {
          "line": 110,
          "column": 4
        },
        "end": {
          "line": 110,
          "column": 78
        }
      },
      "45": {
        "start": {
          "line": 111,
          "column": 4
        },
        "end": {
          "line": 119,
          "column": 6
        }
      },
      "46": {
        "start": {
          "line": 112,
          "column": 6
        },
        "end": {
          "line": 118,
          "column": 7
        }
      },
      "47": {
        "start": {
          "line": 113,
          "column": 25
        },
        "end": {
          "line": 113,
          "column": 37
        }
      },
      "48": {
        "start": {
          "line": 114,
          "column": 18
        },
        "end": {
          "line": 114,
          "column": 38
        }
      },
      "49": {
        "start": {
          "line": 115,
          "column": 8
        },
        "end": {
          "line": 115,
          "column": 21
        }
      },
      "50": {
        "start": {
          "line": 117,
          "column": 8
        },
        "end": {
          "line": 117,
          "column": 38
        }
      },
      "51": {
        "start": {
          "line": 121,
          "column": 4
        },
        "end": {
          "line": 123,
          "column": 6
        }
      },
      "52": {
        "start": {
          "line": 122,
          "column": 6
        },
        "end": {
          "line": 122,
          "column": 37
        }
      },
      "53": {
        "start": {
          "line": 124,
          "column": 4
        },
        "end": {
          "line": 124,
          "column": 19
        }
      },
      "54": {
        "start": {
          "line": 130,
          "column": 12
        },
        "end": {
          "line": 130,
          "column": 24
        }
      },
      "55": {
        "start": {
          "line": 131,
          "column": 2
        },
        "end": {
          "line": 134,
          "column": 3
        }
      },
      "56": {
        "start": {
          "line": 132,
          "column": 24
        },
        "end": {
          "line": 132,
          "column": 47
        }
      },
      "57": {
        "start": {
          "line": 133,
          "column": 4
        },
        "end": {
          "line": 133,
          "column": 23
        }
      },
      "58": {
        "start": {
          "line": 135,
          "column": 19
        },
        "end": {
          "line": 135,
          "column": 45
        }
      },
      "59": {
        "start": {
          "line": 136,
          "column": 23
        },
        "end": {
          "line": 136,
          "column": 44
        }
      },
      "60": {
        "start": {
          "line": 137,
          "column": 2
        },
        "end": {
          "line": 142,
          "column": 3
        }
      },
      "61": {
        "start": {
          "line": 138,
          "column": 4
        },
        "end": {
          "line": 138,
          "column": 24
        }
      },
      "62": {
        "start": {
          "line": 140,
          "column": 14
        },
        "end": {
          "line": 140,
          "column": 63
        }
      },
      "63": {
        "start": {
          "line": 141,
          "column": 4
        },
        "end": {
          "line": 141,
          "column": 14
        }
      },
      "64": {
        "start": {
          "line": 149,
          "column": 2
        },
        "end": {
          "line": 175,
          "column": 5
        }
      },
      "65": {
        "start": {
          "line": 151,
          "column": 14
        },
        "end": {
          "line": 151,
          "column": 34
        }
      },
      "66": {
        "start": {
          "line": 152,
          "column": 14
        },
        "end": {
          "line": 152,
          "column": 48
        }
      },
      "67": {
        "start": {
          "line": 153,
          "column": 15
        },
        "end": {
          "line": 153,
          "column": 39
        }
      },
      "68": {
        "start": {
          "line": 154,
          "column": 4
        },
        "end": {
          "line": 154,
          "column": 28
        }
      },
      "69": {
        "start": {
          "line": 156,
          "column": 4
        },
        "end": {
          "line": 156,
          "column": 78
        }
      },
      "70": {
        "start": {
          "line": 157,
          "column": 4
        },
        "end": {
          "line": 168,
          "column": 6
        }
      },
      "71": {
        "start": {
          "line": 158,
          "column": 6
        },
        "end": {
          "line": 158,
          "column": 23
        }
      },
      "72": {
        "start": {
          "line": 159,
          "column": 6
        },
        "end": {
          "line": 167,
          "column": 7
        }
      },
      "73": {
        "start": {
          "line": 160,
          "column": 8
        },
        "end": {
          "line": 160,
          "column": 31
        }
      },
      "74": {
        "start": {
          "line": 161,
          "column": 25
        },
        "end": {
          "line": 161,
          "column": 37
        }
      },
      "75": {
        "start": {
          "line": 162,
          "column": 18
        },
        "end": {
          "line": 162,
          "column": 38
        }
      },
      "76": {
        "start": {
          "line": 163,
          "column": 8
        },
        "end": {
          "line": 163,
          "column": 21
        }
      },
      "77": {
        "start": {
          "line": 165,
          "column": 8
        },
        "end": {
          "line": 165,
          "column": 30
        }
      },
      "78": {
        "start": {
          "line": 166,
          "column": 8
        },
        "end": {
          "line": 166,
          "column": 38
        }
      },
      "79": {
        "start": {
          "line": 170,
          "column": 4
        },
        "end": {
          "line": 173,
          "column": 6
        }
      },
      "80": {
        "start": {
          "line": 171,
          "column": 6
        },
        "end": {
          "line": 171,
          "column": 26
        }
      },
      "81": {
        "start": {
          "line": 172,
          "column": 6
        },
        "end": {
          "line": 172,
          "column": 37
        }
      },
      "82": {
        "start": {
          "line": 174,
          "column": 4
        },
        "end": {
          "line": 174,
          "column": 19
        }
      },
      "83": {
        "start": {
          "line": 181,
          "column": 2
        },
        "end": {
          "line": 208,
          "column": 5
        }
      },
      "84": {
        "start": {
          "line": 183,
          "column": 14
        },
        "end": {
          "line": 183,
          "column": 34
        }
      },
      "85": {
        "start": {
          "line": 184,
          "column": 14
        },
        "end": {
          "line": 184,
          "column": 32
        }
      },
      "86": {
        "start": {
          "line": 185,
          "column": 15
        },
        "end": {
          "line": 185,
          "column": 58
        }
      },
      "87": {
        "start": {
          "line": 186,
          "column": 4
        },
        "end": {
          "line": 186,
          "column": 26
        }
      },
      "88": {
        "start": {
          "line": 188,
          "column": 4
        },
        "end": {
          "line": 188,
          "column": 78
        }
      },
      "89": {
        "start": {
          "line": 189,
          "column": 4
        },
        "end": {
          "line": 189,
          "column": 21
        }
      },
      "90": {
        "start": {
          "line": 190,
          "column": 4
        },
        "end": {
          "line": 202,
          "column": 6
        }
      },
      "91": {
        "start": {
          "line": 191,
          "column": 6
        },
        "end": {
          "line": 191,
          "column": 23
        }
      },
      "92": {
        "start": {
          "line": 192,
          "column": 21
        },
        "end": {
          "line": 192,
          "column": 45
        }
      },
      "93": {
        "start": {
          "line": 194,
          "column": 6
        },
        "end": {
          "line": 201,
          "column": 7
        }
      },
      "94": {
        "start": {
          "line": 195,
          "column": 25
        },
        "end": {
          "line": 195,
          "column": 37
        }
      },
      "95": {
        "start": {
          "line": 196,
          "column": 19
        },
        "end": {
          "line": 196,
          "column": 39
        }
      },
      "96": {
        "start": {
          "line": 197,
          "column": 8
        },
        "end": {
          "line": 197,
          "column": 22
        }
      },
      "97": {
        "start": {
          "line": 199,
          "column": 8
        },
        "end": {
          "line": 199,
          "column": 36
        }
      },
      "98": {
        "start": {
          "line": 200,
          "column": 8
        },
        "end": {
          "line": 200,
          "column": 31
        }
      },
      "99": {
        "start": {
          "line": 204,
          "column": 4
        },
        "end": {
          "line": 206,
          "column": 6
        }
      },
      "100": {
        "start": {
          "line": 205,
          "column": 6
        },
        "end": {
          "line": 205,
          "column": 37
        }
      },
      "101": {
        "start": {
          "line": 207,
          "column": 4
        },
        "end": {
          "line": 207,
          "column": 19
        }
      },
      "102": {
        "start": {
          "line": 215,
          "column": 19
        },
        "end": {
          "line": 215,
          "column": 51
        }
      },
      "103": {
        "start": {
          "line": 216,
          "column": 19
        },
        "end": {
          "line": 216,
          "column": 40
        }
      },
      "104": {
        "start": {
          "line": 217,
          "column": 2
        },
        "end": {
          "line": 217,
          "column": 38
        }
      },
      "105": {
        "start": {
          "line": 218,
          "column": 2
        },
        "end": {
          "line": 223,
          "column": 3
        }
      },
      "106": {
        "start": {
          "line": 219,
          "column": 4
        },
        "end": {
          "line": 219,
          "column": 20
        }
      },
      "107": {
        "start": {
          "line": 221,
          "column": 14
        },
        "end": {
          "line": 221,
          "column": 59
        }
      },
      "108": {
        "start": {
          "line": 222,
          "column": 4
        },
        "end": {
          "line": 222,
          "column": 14
        }
      },
      "109": {
        "start": {
          "line": 226,
          "column": 2
        },
        "end": {
          "line": 252,
          "column": 5
        }
      },
      "110": {
        "start": {
          "line": 228,
          "column": 14
        },
        "end": {
          "line": 228,
          "column": 34
        }
      },
      "111": {
        "start": {
          "line": 229,
          "column": 14
        },
        "end": {
          "line": 229,
          "column": 55
        }
      },
      "112": {
        "start": {
          "line": 230,
          "column": 15
        },
        "end": {
          "line": 230,
          "column": 39
        }
      },
      "113": {
        "start": {
          "line": 231,
          "column": 4
        },
        "end": {
          "line": 231,
          "column": 27
        }
      },
      "114": {
        "start": {
          "line": 233,
          "column": 4
        },
        "end": {
          "line": 233,
          "column": 78
        }
      },
      "115": {
        "start": {
          "line": 234,
          "column": 4
        },
        "end": {
          "line": 245,
          "column": 6
        }
      },
      "116": {
        "start": {
          "line": 235,
          "column": 6
        },
        "end": {
          "line": 235,
          "column": 23
        }
      },
      "117": {
        "start": {
          "line": 236,
          "column": 6
        },
        "end": {
          "line": 244,
          "column": 7
        }
      },
      "118": {
        "start": {
          "line": 237,
          "column": 8
        },
        "end": {
          "line": 237,
          "column": 31
        }
      },
      "119": {
        "start": {
          "line": 238,
          "column": 25
        },
        "end": {
          "line": 238,
          "column": 37
        }
      },
      "120": {
        "start": {
          "line": 239,
          "column": 18
        },
        "end": {
          "line": 239,
          "column": 38
        }
      },
      "121": {
        "start": {
          "line": 240,
          "column": 8
        },
        "end": {
          "line": 240,
          "column": 21
        }
      },
      "122": {
        "start": {
          "line": 242,
          "column": 8
        },
        "end": {
          "line": 242,
          "column": 30
        }
      },
      "123": {
        "start": {
          "line": 243,
          "column": 8
        },
        "end": {
          "line": 243,
          "column": 38
        }
      },
      "124": {
        "start": {
          "line": 247,
          "column": 4
        },
        "end": {
          "line": 250,
          "column": 6
        }
      },
      "125": {
        "start": {
          "line": 248,
          "column": 6
        },
        "end": {
          "line": 248,
          "column": 26
        }
      },
      "126": {
        "start": {
          "line": 249,
          "column": 6
        },
        "end": {
          "line": 249,
          "column": 37
        }
      },
      "127": {
        "start": {
          "line": 251,
          "column": 4
        },
        "end": {
          "line": 251,
          "column": 19
        }
      },
      "128": {
        "start": {
          "line": 257,
          "column": 2
        },
        "end": {
          "line": 279,
          "column": 5
        }
      },
      "129": {
        "start": {
          "line": 258,
          "column": 4
        },
        "end": {
          "line": 278,
          "column": 7
        }
      },
      "130": {
        "start": {
          "line": 261,
          "column": 6
        },
        "end": {
          "line": 277,
          "column": 7
        }
      },
      "131": {
        "start": {
          "line": 262,
          "column": 8
        },
        "end": {
          "line": 262,
          "column": 22
        }
      },
      "132": {
        "start": {
          "line": 265,
          "column": 8
        },
        "end": {
          "line": 276,
          "column": 13
        }
      },
      "133": {
        "start": {
          "line": 268,
          "column": 12
        },
        "end": {
          "line": 268,
          "column": 24
        }
      },
      "134": {
        "start": {
          "line": 271,
          "column": 12
        },
        "end": {
          "line": 275,
          "column": 15
        }
      },
      "135": {
        "start": {
          "line": 282,
          "column": 12
        },
        "end": {
          "line": 293,
          "column": 1
        }
      }
    },
    "fnMap": {
      "0": {
        "name": "getLectures",
        "decl": {
          "start": {
            "line": 5,
            "column": 15
          },
          "end": {
            "line": 5,
            "column": 26
          }
        },
        "loc": {
          "start": {
            "line": 5,
            "column": 35
          },
          "end": {
            "line": 32,
            "column": 1
          }
        },
        "line": 5
      },
      "1": {
        "name": "(anonymous_1)",
        "decl": {
          "start": {
            "line": 12,
            "column": 6
          },
          "end": {
            "line": 12,
            "column": 7
          }
        },
        "loc": {
          "start": {
            "line": 13,
            "column": 8
          },
          "end": {
            "line": 25,
            "column": 9
          }
        },
        "line": 13
      },
      "2": {
        "name": "getLecturesStartDate",
        "decl": {
          "start": {
            "line": 35,
            "column": 15
          },
          "end": {
            "line": 35,
            "column": 35
          }
        },
        "loc": {
          "start": {
            "line": 35,
            "column": 44
          },
          "end": {
            "line": 68,
            "column": 1
          }
        },
        "line": 35
      },
      "3": {
        "name": "(anonymous_3)",
        "decl": {
          "start": {
            "line": 48,
            "column": 6
          },
          "end": {
            "line": 48,
            "column": 7
          }
        },
        "loc": {
          "start": {
            "line": 49,
            "column": 8
          },
          "end": {
            "line": 61,
            "column": 9
          }
        },
        "line": 49
      },
      "4": {
        "name": "bookLecture",
        "decl": {
          "start": {
            "line": 73,
            "column": 15
          },
          "end": {
            "line": 73,
            "column": 26
          }
        },
        "loc": {
          "start": {
            "line": 73,
            "column": 46
          },
          "end": {
            "line": 98,
            "column": 1
          }
        },
        "line": 73
      },
      "5": {
        "name": "(anonymous_5)",
        "decl": {
          "start": {
            "line": 75,
            "column": 21
          },
          "end": {
            "line": 75,
            "column": 22
          }
        },
        "loc": {
          "start": {
            "line": 75,
            "column": 48
          },
          "end": {
            "line": 97,
            "column": 3
          }
        },
        "line": 75
      },
      "6": {
        "name": "(anonymous_6)",
        "decl": {
          "start": {
            "line": 83,
            "column": 17
          },
          "end": {
            "line": 83,
            "column": 18
          }
        },
        "loc": {
          "start": {
            "line": 83,
            "column": 29
          },
          "end": {
            "line": 91,
            "column": 5
          }
        },
        "line": 83
      },
      "7": {
        "name": "(anonymous_7)",
        "decl": {
          "start": {
            "line": 93,
            "column": 18
          },
          "end": {
            "line": 93,
            "column": 19
          }
        },
        "loc": {
          "start": {
            "line": 93,
            "column": 30
          },
          "end": {
            "line": 95,
            "column": 5
          }
        },
        "line": 93
      },
      "8": {
        "name": "cancelBooking",
        "decl": {
          "start": {
            "line": 101,
            "column": 15
          },
          "end": {
            "line": 101,
            "column": 28
          }
        },
        "loc": {
          "start": {
            "line": 101,
            "column": 48
          },
          "end": {
            "line": 126,
            "column": 1
          }
        },
        "line": 101
      },
      "9": {
        "name": "(anonymous_9)",
        "decl": {
          "start": {
            "line": 103,
            "column": 21
          },
          "end": {
            "line": 103,
            "column": 22
          }
        },
        "loc": {
          "start": {
            "line": 103,
            "column": 48
          },
          "end": {
            "line": 125,
            "column": 3
          }
        },
        "line": 103
      },
      "10": {
        "name": "(anonymous_10)",
        "decl": {
          "start": {
            "line": 111,
            "column": 17
          },
          "end": {
            "line": 111,
            "column": 18
          }
        },
        "loc": {
          "start": {
            "line": 111,
            "column": 29
          },
          "end": {
            "line": 119,
            "column": 5
          }
        },
        "line": 111
      },
      "11": {
        "name": "(anonymous_11)",
        "decl": {
          "start": {
            "line": 121,
            "column": 18
          },
          "end": {
            "line": 121,
            "column": 19
          }
        },
        "loc": {
          "start": {
            "line": 121,
            "column": 30
          },
          "end": {
            "line": 123,
            "column": 5
          }
        },
        "line": 121
      },
      "12": {
        "name": "getStudentsBooked",
        "decl": {
          "start": {
            "line": 129,
            "column": 15
          },
          "end": {
            "line": 129,
            "column": 32
          }
        },
        "loc": {
          "start": {
            "line": 129,
            "column": 44
          },
          "end": {
            "line": 143,
            "column": 1
          }
        },
        "line": 129
      },
      "13": {
        "name": "deleteLecture",
        "decl": {
          "start": {
            "line": 146,
            "column": 15
          },
          "end": {
            "line": 146,
            "column": 28
          }
        },
        "loc": {
          "start": {
            "line": 146,
            "column": 40
          },
          "end": {
            "line": 176,
            "column": 1
          }
        },
        "line": 146
      },
      "14": {
        "name": "(anonymous_14)",
        "decl": {
          "start": {
            "line": 149,
            "column": 21
          },
          "end": {
            "line": 149,
            "column": 22
          }
        },
        "loc": {
          "start": {
            "line": 149,
            "column": 48
          },
          "end": {
            "line": 175,
            "column": 3
          }
        },
        "line": 149
      },
      "15": {
        "name": "(anonymous_15)",
        "decl": {
          "start": {
            "line": 157,
            "column": 17
          },
          "end": {
            "line": 157,
            "column": 18
          }
        },
        "loc": {
          "start": {
            "line": 157,
            "column": 29
          },
          "end": {
            "line": 168,
            "column": 5
          }
        },
        "line": 157
      },
      "16": {
        "name": "(anonymous_16)",
        "decl": {
          "start": {
            "line": 170,
            "column": 18
          },
          "end": {
            "line": 170,
            "column": 19
          }
        },
        "loc": {
          "start": {
            "line": 170,
            "column": 30
          },
          "end": {
            "line": 173,
            "column": 5
          }
        },
        "line": 170
      },
      "17": {
        "name": "userLogin",
        "decl": {
          "start": {
            "line": 180,
            "column": 15
          },
          "end": {
            "line": 180,
            "column": 24
          }
        },
        "loc": {
          "start": {
            "line": 180,
            "column": 45
          },
          "end": {
            "line": 209,
            "column": 1
          }
        },
        "line": 180
      },
      "18": {
        "name": "(anonymous_18)",
        "decl": {
          "start": {
            "line": 181,
            "column": 21
          },
          "end": {
            "line": 181,
            "column": 22
          }
        },
        "loc": {
          "start": {
            "line": 181,
            "column": 48
          },
          "end": {
            "line": 208,
            "column": 3
          }
        },
        "line": 181
      },
      "19": {
        "name": "(anonymous_19)",
        "decl": {
          "start": {
            "line": 190,
            "column": 17
          },
          "end": {
            "line": 190,
            "column": 18
          }
        },
        "loc": {
          "start": {
            "line": 190,
            "column": 29
          },
          "end": {
            "line": 202,
            "column": 5
          }
        },
        "line": 190
      },
      "20": {
        "name": "(anonymous_20)",
        "decl": {
          "start": {
            "line": 204,
            "column": 18
          },
          "end": {
            "line": 204,
            "column": 19
          }
        },
        "loc": {
          "start": {
            "line": 204,
            "column": 30
          },
          "end": {
            "line": 206,
            "column": 5
          }
        },
        "line": 204
      },
      "21": {
        "name": "isLogged",
        "decl": {
          "start": {
            "line": 214,
            "column": 15
          },
          "end": {
            "line": 214,
            "column": 23
          }
        },
        "loc": {
          "start": {
            "line": 214,
            "column": 26
          },
          "end": {
            "line": 224,
            "column": 1
          }
        },
        "line": 214
      },
      "22": {
        "name": "turnLecture",
        "decl": {
          "start": {
            "line": 225,
            "column": 15
          },
          "end": {
            "line": 225,
            "column": 26
          }
        },
        "loc": {
          "start": {
            "line": 225,
            "column": 38
          },
          "end": {
            "line": 253,
            "column": 1
          }
        },
        "line": 225
      },
      "23": {
        "name": "(anonymous_23)",
        "decl": {
          "start": {
            "line": 226,
            "column": 21
          },
          "end": {
            "line": 226,
            "column": 22
          }
        },
        "loc": {
          "start": {
            "line": 226,
            "column": 48
          },
          "end": {
            "line": 252,
            "column": 3
          }
        },
        "line": 226
      },
      "24": {
        "name": "(anonymous_24)",
        "decl": {
          "start": {
            "line": 234,
            "column": 17
          },
          "end": {
            "line": 234,
            "column": 18
          }
        },
        "loc": {
          "start": {
            "line": 234,
            "column": 29
          },
          "end": {
            "line": 245,
            "column": 5
          }
        },
        "line": 234
      },
      "25": {
        "name": "(anonymous_25)",
        "decl": {
          "start": {
            "line": 247,
            "column": 18
          },
          "end": {
            "line": 247,
            "column": 19
          }
        },
        "loc": {
          "start": {
            "line": 247,
            "column": 30
          },
          "end": {
            "line": 250,
            "column": 5
          }
        },
        "line": 247
      },
      "26": {
        "name": "userLogout",
        "decl": {
          "start": {
            "line": 256,
            "column": 15
          },
          "end": {
            "line": 256,
            "column": 25
          }
        },
        "loc": {
          "start": {
            "line": 256,
            "column": 28
          },
          "end": {
            "line": 280,
            "column": 1
          }
        },
        "line": 256
      },
      "27": {
        "name": "(anonymous_27)",
        "decl": {
          "start": {
            "line": 257,
            "column": 21
          },
          "end": {
            "line": 257,
            "column": 22
          }
        },
        "loc": {
          "start": {
            "line": 257,
            "column": 42
          },
          "end": {
            "line": 279,
            "column": 3
          }
        },
        "line": 257
      },
      "28": {
        "name": "(anonymous_28)",
        "decl": {
          "start": {
            "line": 260,
            "column": 12
          },
          "end": {
            "line": 260,
            "column": 13
          }
        },
        "loc": {
          "start": {
            "line": 260,
            "column": 26
          },
          "end": {
            "line": 278,
            "column": 5
          }
        },
        "line": 260
      },
      "29": {
        "name": "(anonymous_29)",
        "decl": {
          "start": {
            "line": 267,
            "column": 16
          },
          "end": {
            "line": 267,
            "column": 17
          }
        },
        "loc": {
          "start": {
            "line": 267,
            "column": 25
          },
          "end": {
            "line": 269,
            "column": 11
          }
        },
        "line": 267
      },
      "30": {
        "name": "(anonymous_30)",
        "decl": {
          "start": {
            "line": 270,
            "column": 17
          },
          "end": {
            "line": 270,
            "column": 18
          }
        },
        "loc": {
          "start": {
            "line": 270,
            "column": 26
          },
          "end": {
            "line": 276,
            "column": 11
          }
        },
        "line": 270
      }
    },
    "branchMap": {
      "0": {
        "loc": {
          "start": {
            "line": 9,
            "column": 2
          },
          "end": {
            "line": 31,
            "column": 3
          }
        },
        "type": "if",
        "locations": [
          {
            "start": {
              "line": 9,
              "column": 2
            },
            "end": {
              "line": 31,
              "column": 3
            }
          },
          {
            "start": {
              "line": 9,
              "column": 2
            },
            "end": {
              "line": 31,
              "column": 3
            }
          }
        ],
        "line": 9
      },
      "1": {
        "loc": {
          "start": {
            "line": 45,
            "column": 2
          },
          "end": {
            "line": 67,
            "column": 3
          }
        },
        "type": "if",
        "locations": [
          {
            "start": {
              "line": 45,
              "column": 2
            },
            "end": {
              "line": 67,
              "column": 3
            }
          },
          {
            "start": {
              "line": 45,
              "column": 2
            },
            "end": {
              "line": 67,
              "column": 3
            }
          }
        ],
        "line": 45
      },
      "2": {
        "loc": {
          "start": {
            "line": 84,
            "column": 6
          },
          "end": {
            "line": 90,
            "column": 7
          }
        },
        "type": "if",
        "locations": [
          {
            "start": {
              "line": 84,
              "column": 6
            },
            "end": {
              "line": 90,
              "column": 7
            }
          },
          {
            "start": {
              "line": 84,
              "column": 6
            },
            "end": {
              "line": 90,
              "column": 7
            }
          }
        ],
        "line": 84
      },
      "3": {
        "loc": {
          "start": {
            "line": 112,
            "column": 6
          },
          "end": {
            "line": 118,
            "column": 7
          }
        },
        "type": "if",
        "locations": [
          {
            "start": {
              "line": 112,
              "column": 6
            },
            "end": {
              "line": 118,
              "column": 7
            }
          },
          {
            "start": {
              "line": 112,
              "column": 6
            },
            "end": {
              "line": 118,
              "column": 7
            }
          }
        ],
        "line": 112
      },
      "4": {
        "loc": {
          "start": {
            "line": 131,
            "column": 2
          },
          "end": {
            "line": 134,
            "column": 3
          }
        },
        "type": "if",
        "locations": [
          {
            "start": {
              "line": 131,
              "column": 2
            },
            "end": {
              "line": 134,
              "column": 3
            }
          },
          {
            "start": {
              "line": 131,
              "column": 2
            },
            "end": {
              "line": 134,
              "column": 3
            }
          }
        ],
        "line": 131
      },
      "5": {
        "loc": {
          "start": {
            "line": 137,
            "column": 2
          },
          "end": {
            "line": 142,
            "column": 3
          }
        },
        "type": "if",
        "locations": [
          {
            "start": {
              "line": 137,
              "column": 2
            },
            "end": {
              "line": 142,
              "column": 3
            }
          },
          {
            "start": {
              "line": 137,
              "column": 2
            },
            "end": {
              "line": 142,
              "column": 3
            }
          }
        ],
        "line": 137
      },
      "6": {
        "loc": {
          "start": {
            "line": 159,
            "column": 6
          },
          "end": {
            "line": 167,
            "column": 7
          }
        },
        "type": "if",
        "locations": [
          {
            "start": {
              "line": 159,
              "column": 6
            },
            "end": {
              "line": 167,
              "column": 7
            }
          },
          {
            "start": {
              "line": 159,
              "column": 6
            },
            "end": {
              "line": 167,
              "column": 7
            }
          }
        ],
        "line": 159
      },
      "7": {
        "loc": {
          "start": {
            "line": 194,
            "column": 6
          },
          "end": {
            "line": 201,
            "column": 7
          }
        },
        "type": "if",
        "locations": [
          {
            "start": {
              "line": 194,
              "column": 6
            },
            "end": {
              "line": 201,
              "column": 7
            }
          },
          {
            "start": {
              "line": 194,
              "column": 6
            },
            "end": {
              "line": 201,
              "column": 7
            }
          }
        ],
        "line": 194
      },
      "8": {
        "loc": {
          "start": {
            "line": 218,
            "column": 2
          },
          "end": {
            "line": 223,
            "column": 3
          }
        },
        "type": "if",
        "locations": [
          {
            "start": {
              "line": 218,
              "column": 2
            },
            "end": {
              "line": 223,
              "column": 3
            }
          },
          {
            "start": {
              "line": 218,
              "column": 2
            },
            "end": {
              "line": 223,
              "column": 3
            }
          }
        ],
        "line": 218
      },
      "9": {
        "loc": {
          "start": {
            "line": 236,
            "column": 6
          },
          "end": {
            "line": 244,
            "column": 7
          }
        },
        "type": "if",
        "locations": [
          {
            "start": {
              "line": 236,
              "column": 6
            },
            "end": {
              "line": 244,
              "column": 7
            }
          },
          {
            "start": {
              "line": 236,
              "column": 6
            },
            "end": {
              "line": 244,
              "column": 7
            }
          }
        ],
        "line": 236
      },
      "10": {
        "loc": {
          "start": {
            "line": 261,
            "column": 6
          },
          "end": {
            "line": 277,
            "column": 7
          }
        },
        "type": "if",
        "locations": [
          {
            "start": {
              "line": 261,
              "column": 6
            },
            "end": {
              "line": 277,
              "column": 7
            }
          },
          {
            "start": {
              "line": 261,
              "column": 6
            },
            "end": {
              "line": 277,
              "column": 7
            }
          }
        ],
        "line": 261
      }
    },
    "s": {
      "0": 5,
      "1": 4,
      "2": 4,
      "3": 0,
      "4": 0,
      "5": 0,
      "6": 0,
      "7": 0,
      "8": 0,
      "9": 0,
      "10": 0,
      "11": 1,
      "12": 1,
      "13": 1,
      "14": 1,
      "15": 1,
      "16": 0,
      "17": 0,
      "18": 0,
      "19": 0,
      "20": 0,
      "21": 0,
      "22": 0,
      "23": 0,
      "24": 0,
      "25": 0,
      "26": 0,
      "27": 0,
      "28": 0,
      "29": 0,
      "30": 0,
      "31": 0,
      "32": 0,
      "33": 0,
      "34": 0,
      "35": 0,
      "36": 0,
      "37": 0,
      "38": 0,
      "39": 0,
      "40": 0,
      "41": 0,
      "42": 0,
      "43": 0,
      "44": 0,
      "45": 0,
      "46": 0,
      "47": 0,
      "48": 0,
      "49": 0,
      "50": 0,
      "51": 0,
      "52": 0,
      "53": 0,
      "54": 0,
      "55": 0,
      "56": 0,
      "57": 0,
      "58": 0,
      "59": 0,
      "60": 0,
      "61": 0,
      "62": 0,
      "63": 0,
      "64": 0,
      "65": 0,
      "66": 0,
      "67": 0,
      "68": 0,
      "69": 0,
      "70": 0,
      "71": 0,
      "72": 0,
      "73": 0,
      "74": 0,
      "75": 0,
      "76": 0,
      "77": 0,
      "78": 0,
      "79": 0,
      "80": 0,
      "81": 0,
      "82": 0,
      "83": 3,
      "84": 3,
      "85": 3,
      "86": 3,
      "87": 3,
      "88": 3,
      "89": 3,
      "90": 3,
      "91": 3,
      "92": 3,
      "93": 3,
      "94": 3,
      "95": 3,
      "96": 3,
      "97": 0,
      "98": 0,
      "99": 3,
      "100": 0,
      "101": 3,
      "102": 5,
      "103": 5,
      "104": 4,
      "105": 0,
      "106": 0,
      "107": 0,
      "108": 0,
      "109": 0,
      "110": 0,
      "111": 0,
      "112": 0,
      "113": 0,
      "114": 0,
      "115": 0,
      "116": 0,
      "117": 0,
      "118": 0,
      "119": 0,
      "120": 0,
      "121": 0,
      "122": 0,
      "123": 0,
      "124": 0,
      "125": 0,
      "126": 0,
      "127": 0,
      "128": 0,
      "129": 0,
      "130": 0,
      "131": 0,
      "132": 0,
      "133": 0,
      "134": 0,
      "135": 5
    },
    "f": {
      "0": 4,
      "1": 0,
      "2": 1,
      "3": 0,
      "4": 0,
      "5": 0,
      "6": 0,
      "7": 0,
      "8": 0,
      "9": 0,
      "10": 0,
      "11": 0,
      "12": 0,
      "13": 0,
      "14": 0,
      "15": 0,
      "16": 0,
      "17": 3,
      "18": 3,
      "19": 3,
      "20": 0,
      "21": 5,
      "22": 0,
      "23": 0,
      "24": 0,
      "25": 0,
      "26": 0,
      "27": 0,
      "28": 0,
      "29": 0,
      "30": 0
    },
    "b": {
      "0": [
        0,
        0
      ],
      "1": [
        0,
        0
      ],
      "2": [
        0,
        0
      ],
      "3": [
        0,
        0
      ],
      "4": [
        0,
        0
      ],
      "5": [
        0,
        0
      ],
      "6": [
        0,
        0
      ],
      "7": [
        3,
        0
      ],
      "8": [
        0,
        0
      ],
      "9": [
        0,
        0
      ],
      "10": [
        0,
        0
      ]
    },
    "_coverageSchema": "1a1c01bbd47fc00a2c39e90264f33305004495a9",
    "hash": "41904084e9932f42c3b1a8ad9bfd803593888b02"
  },
  "C:\\Users\\ASUS\\Desktop\\NewNewSE2\\PULSeBS\\client\\src\\data\\consts.js": {
    "path": "C:\\Users\\ASUS\\Desktop\\NewNewSE2\\PULSeBS\\client\\src\\data\\consts.js",
    "statementMap": {
      "0": {
        "start": {
          "line": 1,
          "column": 21
        },
        "end": {
          "line": 5,
          "column": 1
        }
      }
    },
    "fnMap": {},
    "branchMap": {},
    "s": {
      "0": 5
    },
    "f": {},
    "b": {},
    "_coverageSchema": "1a1c01bbd47fc00a2c39e90264f33305004495a9",
    "hash": "54b8b8e1cef2a1f55dfc32ca65402919d55bd9c3"
  },
  "C:\\Users\\ASUS\\Desktop\\NewNewSE2\\PULSeBS\\client\\src\\auth\\AuthContext.js": {
    "path": "C:\\Users\\ASUS\\Desktop\\NewNewSE2\\PULSeBS\\client\\src\\auth\\AuthContext.js",
    "statementMap": {
      "0": {
        "start": {
          "line": 3,
          "column": 27
        },
        "end": {
          "line": 3,
          "column": 64
        }
      }
    },
    "fnMap": {},
    "branchMap": {},
    "s": {
      "0": 5
    },
    "f": {},
    "b": {},
    "_coverageSchema": "1a1c01bbd47fc00a2c39e90264f33305004495a9",
    "hash": "87d4549d036ea2743d96d19479a76794dc870f6a"
  },
  "C:\\Users\\ASUS\\Desktop\\NewNewSE2\\PULSeBS\\client\\src\\components\\LoginPage.js": {
    "path": "C:\\Users\\ASUS\\Desktop\\NewNewSE2\\PULSeBS\\client\\src\\components\\LoginPage.js",
    "statementMap": {
      "0": {
        "start": {
          "line": 23,
          "column": 4
        },
        "end": {
          "line": 23,
          "column": 17
        }
      },
      "1": {
        "start": {
          "line": 24,
          "column": 4
        },
        "end": {
          "line": 27,
          "column": 6
        }
      },
      "2": {
        "start": {
          "line": 30,
          "column": 22
        },
        "end": {
          "line": 38,
          "column": 3
        }
      },
      "3": {
        "start": {
          "line": 31,
          "column": 19
        },
        "end": {
          "line": 31,
          "column": 31
        }
      },
      "4": {
        "start": {
          "line": 32,
          "column": 18
        },
        "end": {
          "line": 32,
          "column": 30
        }
      },
      "5": {
        "start": {
          "line": 33,
          "column": 17
        },
        "end": {
          "line": 33,
          "column": 28
        }
      },
      "6": {
        "start": {
          "line": 35,
          "column": 4
        },
        "end": {
          "line": 37,
          "column": 7
        }
      },
      "7": {
        "start": {
          "line": 40,
          "column": 17
        },
        "end": {
          "line": 43,
          "column": 3
        }
      },
      "8": {
        "start": {
          "line": 41,
          "column": 4
        },
        "end": {
          "line": 41,
          "column": 27
        }
      },
      "9": {
        "start": {
          "line": 42,
          "column": 4
        },
        "end": {
          "line": 42,
          "column": 54
        }
      },
      "10": {
        "start": {
          "line": 46,
          "column": 4
        },
        "end": {
          "line": 169,
          "column": 6
        }
      },
      "11": {
        "start": {
          "line": 49,
          "column": 10
        },
        "end": {
          "line": 166,
          "column": 22
        }
      },
      "12": {
        "start": {
          "line": 55,
          "column": 20
        },
        "end": {
          "line": 55,
          "column": 63
        }
      }
    },
    "fnMap": {
      "0": {
        "name": "(anonymous_0)",
        "decl": {
          "start": {
            "line": 22,
            "column": 2
          },
          "end": {
            "line": 22,
            "column": 3
          }
        },
        "loc": {
          "start": {
            "line": 22,
            "column": 21
          },
          "end": {
            "line": 28,
            "column": 3
          }
        },
        "line": 22
      },
      "1": {
        "name": "(anonymous_1)",
        "decl": {
          "start": {
            "line": 30,
            "column": 22
          },
          "end": {
            "line": 30,
            "column": 23
          }
        },
        "loc": {
          "start": {
            "line": 30,
            "column": 33
          },
          "end": {
            "line": 38,
            "column": 3
          }
        },
        "line": 30
      },
      "2": {
        "name": "(anonymous_2)",
        "decl": {
          "start": {
            "line": 40,
            "column": 17
          },
          "end": {
            "line": 40,
            "column": 18
          }
        },
        "loc": {
          "start": {
            "line": 40,
            "column": 37
          },
          "end": {
            "line": 43,
            "column": 3
          }
        },
        "line": 40
      },
      "3": {
        "name": "(anonymous_3)",
        "decl": {
          "start": {
            "line": 45,
            "column": 2
          },
          "end": {
            "line": 45,
            "column": 3
          }
        },
        "loc": {
          "start": {
            "line": 45,
            "column": 11
          },
          "end": {
            "line": 170,
            "column": 3
          }
        },
        "line": 45
      },
      "4": {
        "name": "(anonymous_4)",
        "decl": {
          "start": {
            "line": 48,
            "column": 9
          },
          "end": {
            "line": 48,
            "column": 10
          }
        },
        "loc": {
          "start": {
            "line": 49,
            "column": 10
          },
          "end": {
            "line": 166,
            "column": 22
          }
        },
        "line": 49
      },
      "5": {
        "name": "(anonymous_5)",
        "decl": {
          "start": {
            "line": 54,
            "column": 28
          },
          "end": {
            "line": 54,
            "column": 29
          }
        },
        "loc": {
          "start": {
            "line": 55,
            "column": 20
          },
          "end": {
            "line": 55,
            "column": 63
          }
        },
        "line": 55
      }
    },
    "branchMap": {},
    "s": {
      "0": 15,
      "1": 10,
      "2": 10,
      "3": 48,
      "4": 48,
      "5": 48,
      "6": 48,
      "7": 10,
      "8": 3,
      "9": 3,
      "10": 128,
      "11": 64,
      "12": 3
    },
    "f": {
      "0": 15,
      "1": 48,
      "2": 3,
      "3": 128,
      "4": 64,
      "5": 3
    },
    "b": {},
    "_coverageSchema": "1a1c01bbd47fc00a2c39e90264f33305004495a9",
    "hash": "0052632fb1f7aab4791188b37205c3bbb485ac03"
  },
  "C:\\Users\\ASUS\\Desktop\\NewNewSE2\\PULSeBS\\client\\src\\components\\Teacher.js": {
    "path": "C:\\Users\\ASUS\\Desktop\\NewNewSE2\\PULSeBS\\client\\src\\components\\Teacher.js",
    "statementMap": {
      "0": {
        "start": {
          "line": 64,
          "column": 4
        },
        "end": {
          "line": 64,
          "column": 17
        }
      },
      "1": {
        "start": {
          "line": 66,
          "column": 4
        },
        "end": {
          "line": 74,
          "column": 6
        }
      },
      "2": {
        "start": {
          "line": 77,
          "column": 16
        },
        "end": {
          "line": 88,
          "column": 3
        }
      },
      "3": {
        "start": {
          "line": 78,
          "column": 4
        },
        "end": {
          "line": 87,
          "column": 9
        }
      },
      "4": {
        "start": {
          "line": 80,
          "column": 8
        },
        "end": {
          "line": 80,
          "column": 30
        }
      },
      "5": {
        "start": {
          "line": 81,
          "column": 8
        },
        "end": {
          "line": 83,
          "column": 11
        }
      },
      "6": {
        "start": {
          "line": 86,
          "column": 8
        },
        "end": {
          "line": 86,
          "column": 30
        }
      },
      "7": {
        "start": {
          "line": 91,
          "column": 4
        },
        "end": {
          "line": 101,
          "column": 9
        }
      },
      "8": {
        "start": {
          "line": 93,
          "column": 10
        },
        "end": {
          "line": 93,
          "column": 32
        }
      },
      "9": {
        "start": {
          "line": 94,
          "column": 8
        },
        "end": {
          "line": 96,
          "column": 11
        }
      },
      "10": {
        "start": {
          "line": 99,
          "column": 8
        },
        "end": {
          "line": 99,
          "column": 26
        }
      },
      "11": {
        "start": {
          "line": 100,
          "column": 8
        },
        "end": {
          "line": 100,
          "column": 30
        }
      },
      "12": {
        "start": {
          "line": 106,
          "column": 4
        },
        "end": {
          "line": 116,
          "column": 9
        }
      },
      "13": {
        "start": {
          "line": 109,
          "column": 8
        },
        "end": {
          "line": 109,
          "column": 45
        }
      },
      "14": {
        "start": {
          "line": 111,
          "column": 8
        },
        "end": {
          "line": 111,
          "column": 39
        }
      },
      "15": {
        "start": {
          "line": 112,
          "column": 8
        },
        "end": {
          "line": 112,
          "column": 42
        }
      },
      "16": {
        "start": {
          "line": 115,
          "column": 8
        },
        "end": {
          "line": 115,
          "column": 30
        }
      },
      "17": {
        "start": {
          "line": 129,
          "column": 4
        },
        "end": {
          "line": 132,
          "column": 5
        }
      },
      "18": {
        "start": {
          "line": 130,
          "column": 6
        },
        "end": {
          "line": 130,
          "column": 47
        }
      },
      "19": {
        "start": {
          "line": 131,
          "column": 6
        },
        "end": {
          "line": 131,
          "column": 31
        }
      },
      "20": {
        "start": {
          "line": 136,
          "column": 4
        },
        "end": {
          "line": 136,
          "column": 34
        }
      },
      "21": {
        "start": {
          "line": 141,
          "column": 4
        },
        "end": {
          "line": 151,
          "column": 7
        }
      },
      "22": {
        "start": {
          "line": 144,
          "column": 6
        },
        "end": {
          "line": 144,
          "column": 27
        }
      },
      "23": {
        "start": {
          "line": 149,
          "column": 6
        },
        "end": {
          "line": 149,
          "column": 27
        }
      },
      "24": {
        "start": {
          "line": 150,
          "column": 6
        },
        "end": {
          "line": 150,
          "column": 28
        }
      },
      "25": {
        "start": {
          "line": 166,
          "column": 18
        },
        "end": {
          "line": 168,
          "column": 46
        }
      },
      "26": {
        "start": {
          "line": 167,
          "column": 21
        },
        "end": {
          "line": 167,
          "column": 36
        }
      },
      "27": {
        "start": {
          "line": 168,
          "column": 27
        },
        "end": {
          "line": 168,
          "column": 45
        }
      },
      "28": {
        "start": {
          "line": 170,
          "column": 4
        },
        "end": {
          "line": 294,
          "column": 6
        }
      },
      "29": {
        "start": {
          "line": 173,
          "column": 12
        },
        "end": {
          "line": 291,
          "column": 11
        }
      },
      "30": {
        "start": {
          "line": 186,
          "column": 32
        },
        "end": {
          "line": 186,
          "column": 56
        }
      },
      "31": {
        "start": {
          "line": 189,
          "column": 18
        },
        "end": {
          "line": 283,
          "column": 24
        }
      },
      "32": {
        "start": {
          "line": 200,
          "column": 45
        },
        "end": {
          "line": 200,
          "column": 66
        }
      },
      "33": {
        "start": {
          "line": 202,
          "column": 32
        },
        "end": {
          "line": 243,
          "column": 49
        }
      },
      "34": {
        "start": {
          "line": 211,
          "column": 36
        },
        "end": {
          "line": 215,
          "column": 39
        }
      },
      "35": {
        "start": {
          "line": 216,
          "column": 36
        },
        "end": {
          "line": 216,
          "column": 72
        }
      },
      "36": {
        "start": {
          "line": 222,
          "column": 38
        },
        "end": {
          "line": 222,
          "column": 88
        }
      },
      "37": {
        "start": {
          "line": 236,
          "column": 38
        },
        "end": {
          "line": 236,
          "column": 70
        }
      },
      "38": {
        "start": {
          "line": 265,
          "column": 30
        },
        "end": {
          "line": 267,
          "column": 47
        }
      }
    },
    "fnMap": {
      "0": {
        "name": "(anonymous_0)",
        "decl": {
          "start": {
            "line": 63,
            "column": 2
          },
          "end": {
            "line": 63,
            "column": 3
          }
        },
        "loc": {
          "start": {
            "line": 63,
            "column": 21
          },
          "end": {
            "line": 75,
            "column": 3
          }
        },
        "line": 63
      },
      "1": {
        "name": "(anonymous_1)",
        "decl": {
          "start": {
            "line": 77,
            "column": 16
          },
          "end": {
            "line": 77,
            "column": 17
          }
        },
        "loc": {
          "start": {
            "line": 77,
            "column": 28
          },
          "end": {
            "line": 88,
            "column": 3
          }
        },
        "line": 77
      },
      "2": {
        "name": "(anonymous_2)",
        "decl": {
          "start": {
            "line": 79,
            "column": 12
          },
          "end": {
            "line": 79,
            "column": 13
          }
        },
        "loc": {
          "start": {
            "line": 79,
            "column": 26
          },
          "end": {
            "line": 84,
            "column": 7
          }
        },
        "line": 79
      },
      "3": {
        "name": "(anonymous_3)",
        "decl": {
          "start": {
            "line": 85,
            "column": 13
          },
          "end": {
            "line": 85,
            "column": 14
          }
        },
        "loc": {
          "start": {
            "line": 85,
            "column": 27
          },
          "end": {
            "line": 87,
            "column": 7
          }
        },
        "line": 85
      },
      "4": {
        "name": "(anonymous_4)",
        "decl": {
          "start": {
            "line": 90,
            "column": 2
          },
          "end": {
            "line": 90,
            "column": 3
          }
        },
        "loc": {
          "start": {
            "line": 90,
            "column": 31
          },
          "end": {
            "line": 102,
            "column": 3
          }
        },
        "line": 90
      },
      "5": {
        "name": "(anonymous_5)",
        "decl": {
          "start": {
            "line": 92,
            "column": 12
          },
          "end": {
            "line": 92,
            "column": 13
          }
        },
        "loc": {
          "start": {
            "line": 92,
            "column": 26
          },
          "end": {
            "line": 97,
            "column": 7
          }
        },
        "line": 92
      },
      "6": {
        "name": "(anonymous_6)",
        "decl": {
          "start": {
            "line": 98,
            "column": 13
          },
          "end": {
            "line": 98,
            "column": 14
          }
        },
        "loc": {
          "start": {
            "line": 98,
            "column": 27
          },
          "end": {
            "line": 101,
            "column": 7
          }
        },
        "line": 98
      },
      "7": {
        "name": "(anonymous_7)",
        "decl": {
          "start": {
            "line": 105,
            "column": 2
          },
          "end": {
            "line": 105,
            "column": 3
          }
        },
        "loc": {
          "start": {
            "line": 105,
            "column": 27
          },
          "end": {
            "line": 126,
            "column": 3
          }
        },
        "line": 105
      },
      "8": {
        "name": "(anonymous_8)",
        "decl": {
          "start": {
            "line": 107,
            "column": 12
          },
          "end": {
            "line": 107,
            "column": 13
          }
        },
        "loc": {
          "start": {
            "line": 107,
            "column": 18
          },
          "end": {
            "line": 113,
            "column": 7
          }
        },
        "line": 107
      },
      "9": {
        "name": "(anonymous_9)",
        "decl": {
          "start": {
            "line": 114,
            "column": 13
          },
          "end": {
            "line": 114,
            "column": 14
          }
        },
        "loc": {
          "start": {
            "line": 114,
            "column": 27
          },
          "end": {
            "line": 116,
            "column": 7
          }
        },
        "line": 114
      },
      "10": {
        "name": "(anonymous_10)",
        "decl": {
          "start": {
            "line": 128,
            "column": 2
          },
          "end": {
            "line": 128,
            "column": 3
          }
        },
        "loc": {
          "start": {
            "line": 128,
            "column": 25
          },
          "end": {
            "line": 133,
            "column": 3
          }
        },
        "line": 128
      },
      "11": {
        "name": "(anonymous_11)",
        "decl": {
          "start": {
            "line": 135,
            "column": 2
          },
          "end": {
            "line": 135,
            "column": 3
          }
        },
        "loc": {
          "start": {
            "line": 135,
            "column": 22
          },
          "end": {
            "line": 137,
            "column": 3
          }
        },
        "line": 135
      },
      "12": {
        "name": "(anonymous_12)",
        "decl": {
          "start": {
            "line": 139,
            "column": 2
          },
          "end": {
            "line": 139,
            "column": 3
          }
        },
        "loc": {
          "start": {
            "line": 139,
            "column": 38
          },
          "end": {
            "line": 163,
            "column": 3
          }
        },
        "line": 139
      },
      "13": {
        "name": "(anonymous_13)",
        "decl": {
          "start": {
            "line": 142,
            "column": 10
          },
          "end": {
            "line": 142,
            "column": 11
          }
        },
        "loc": {
          "start": {
            "line": 142,
            "column": 16
          },
          "end": {
            "line": 147,
            "column": 5
          }
        },
        "line": 142
      },
      "14": {
        "name": "(anonymous_14)",
        "decl": {
          "start": {
            "line": 148,
            "column": 11
          },
          "end": {
            "line": 148,
            "column": 12
          }
        },
        "loc": {
          "start": {
            "line": 148,
            "column": 25
          },
          "end": {
            "line": 151,
            "column": 5
          }
        },
        "line": 148
      },
      "15": {
        "name": "(anonymous_15)",
        "decl": {
          "start": {
            "line": 165,
            "column": 2
          },
          "end": {
            "line": 165,
            "column": 3
          }
        },
        "loc": {
          "start": {
            "line": 165,
            "column": 11
          },
          "end": {
            "line": 295,
            "column": 3
          }
        },
        "line": 165
      },
      "16": {
        "name": "(anonymous_16)",
        "decl": {
          "start": {
            "line": 167,
            "column": 11
          },
          "end": {
            "line": 167,
            "column": 12
          }
        },
        "loc": {
          "start": {
            "line": 167,
            "column": 21
          },
          "end": {
            "line": 167,
            "column": 36
          }
        },
        "line": 167
      },
      "17": {
        "name": "(anonymous_17)",
        "decl": {
          "start": {
            "line": 168,
            "column": 14
          },
          "end": {
            "line": 168,
            "column": 15
          }
        },
        "loc": {
          "start": {
            "line": 168,
            "column": 27
          },
          "end": {
            "line": 168,
            "column": 45
          }
        },
        "line": 168
      },
      "18": {
        "name": "(anonymous_18)",
        "decl": {
          "start": {
            "line": 172,
            "column": 9
          },
          "end": {
            "line": 172,
            "column": 10
          }
        },
        "loc": {
          "start": {
            "line": 173,
            "column": 12
          },
          "end": {
            "line": 291,
            "column": 11
          }
        },
        "line": 173
      },
      "19": {
        "name": "(anonymous_19)",
        "decl": {
          "start": {
            "line": 186,
            "column": 26
          },
          "end": {
            "line": 186,
            "column": 27
          }
        },
        "loc": {
          "start": {
            "line": 186,
            "column": 32
          },
          "end": {
            "line": 186,
            "column": 56
          }
        },
        "line": 186
      },
      "20": {
        "name": "(anonymous_20)",
        "decl": {
          "start": {
            "line": 188,
            "column": 28
          },
          "end": {
            "line": 188,
            "column": 29
          }
        },
        "loc": {
          "start": {
            "line": 189,
            "column": 18
          },
          "end": {
            "line": 283,
            "column": 24
          }
        },
        "line": 189
      },
      "21": {
        "name": "(anonymous_21)",
        "decl": {
          "start": {
            "line": 200,
            "column": 38
          },
          "end": {
            "line": 200,
            "column": 39
          }
        },
        "loc": {
          "start": {
            "line": 200,
            "column": 45
          },
          "end": {
            "line": 200,
            "column": 66
          }
        },
        "line": 200
      },
      "22": {
        "name": "(anonymous_22)",
        "decl": {
          "start": {
            "line": 201,
            "column": 36
          },
          "end": {
            "line": 201,
            "column": 37
          }
        },
        "loc": {
          "start": {
            "line": 202,
            "column": 32
          },
          "end": {
            "line": 243,
            "column": 49
          }
        },
        "line": 202
      },
      "23": {
        "name": "(anonymous_23)",
        "decl": {
          "start": {
            "line": 210,
            "column": 43
          },
          "end": {
            "line": 210,
            "column": 44
          }
        },
        "loc": {
          "start": {
            "line": 210,
            "column": 49
          },
          "end": {
            "line": 217,
            "column": 35
          }
        },
        "line": 210
      },
      "24": {
        "name": "(anonymous_24)",
        "decl": {
          "start": {
            "line": 221,
            "column": 95
          },
          "end": {
            "line": 221,
            "column": 96
          }
        },
        "loc": {
          "start": {
            "line": 221,
            "column": 101
          },
          "end": {
            "line": 223,
            "column": 37
          }
        },
        "line": 221
      },
      "25": {
        "name": "(anonymous_25)",
        "decl": {
          "start": {
            "line": 235,
            "column": 45
          },
          "end": {
            "line": 235,
            "column": 46
          }
        },
        "loc": {
          "start": {
            "line": 235,
            "column": 51
          },
          "end": {
            "line": 237,
            "column": 37
          }
        },
        "line": 235
      },
      "26": {
        "name": "(anonymous_26)",
        "decl": {
          "start": {
            "line": 264,
            "column": 54
          },
          "end": {
            "line": 264,
            "column": 55
          }
        },
        "loc": {
          "start": {
            "line": 265,
            "column": 30
          },
          "end": {
            "line": 267,
            "column": 47
          }
        },
        "line": 265
      }
    },
[...]
            }
          },
          {
            "start": {
              "line": 86,
              "column": 14
            },
            "end": {
              "line": 86,
              "column": 19
            }
          }
        ],
        "line": 75
      }
    },
    "s": {
      "0": 4,
      "1": 4,
      "2": 4,
      "3": 0,
      "4": 0,
      "5": 0,
      "6": 0,
      "7": 0,
      "8": 0,
      "9": 0,
      "10": 0,
      "11": 4,
      "12": 0,
      "13": 0,
      "14": 0,
      "15": 0,
      "16": 0,
      "17": 0,
      "18": 2,
      "19": 2,
      "20": 0,
      "21": 1,
      "22": 4,
      "23": 2
    },
    "f": {
      "0": 4,
      "1": 0,
      "2": 0,
      "3": 0,
      "4": 0,
      "5": 0,
      "6": 0,
      "7": 2,
      "8": 0,
      "9": 1,
      "10": 4,
      "11": 2
    },
    "b": {
      "0": [
        2,
        0
      ]
    },
    "_coverageSchema": "1a1c01bbd47fc00a2c39e90264f33305004495a9",
    "hash": "9aeb6e3b034d492d6f327a340105affc7324158d"
  },
  "C:\\Users\\ASUS\\Desktop\\NewNewSE2\\PULSeBS\\client\\src\\components\\UsageMonitor.js": {
    "path": "C:\\Users\\ASUS\\Desktop\\NewNewSE2\\PULSeBS\\client\\src\\components\\UsageMonitor.js",
    "statementMap": {
      "0": {
        "start": {
          "line": 5,
          "column": 4
        },
        "end": {
          "line": 5,
          "column": 17
        }
      },
      "1": {
        "start": {
          "line": 9,
          "column": 4
        },
        "end": {
          "line": 9,
          "column": 27
        }
      }
    },
    "fnMap": {
      "0": {
        "name": "(anonymous_0)",
        "decl": {
          "start": {
            "line": 4,
            "column": 2
          },
          "end": {
            "line": 4,
            "column": 3
          }
        },
        "loc": {
          "start": {
            "line": 4,
            "column": 21
          },
          "end": {
            "line": 6,
            "column": 3
          }
        },
        "line": 4
      },
      "1": {
        "name": "(anonymous_1)",
        "decl": {
          "start": {
            "line": 8,
            "column": 2
          },
          "end": {
            "line": 8,
            "column": 3
          }
        },
        "loc": {
          "start": {
            "line": 8,
            "column": 11
          },
          "end": {
            "line": 10,
            "column": 3
          }
        },
        "line": 8
      }
    },
    "branchMap": {},
    "s": {
      "0": 0,
      "1": 0
    },
    "f": {
      "0": 0,
      "1": 0
    },
    "b": {},
    "_coverageSchema": "1a1c01bbd47fc00a2c39e90264f33305004495a9",
    "hash": "3f96142d37b81a349ad0e59df1aaa0f50eb74e3c"
  },
  "C:\\Users\\ASUS\\Desktop\\NewNewSE2\\PULSeBS\\client\\src\\App.js": {
    "path": "C:\\Users\\ASUS\\Desktop\\NewNewSE2\\PULSeBS\\client\\src\\App.js",
    "statementMap": {
      "0": {
        "start": {
          "line": 19,
          "column": 4
        },
        "end": {
          "line": 26,
          "column": 9
        }
      },
      "1": {
        "start": {
          "line": 21,
          "column": 8
        },
        "end": {
          "line": 21,
          "column": 42
        }
      },
      "2": {
        "start": {
          "line": 24,
          "column": 8
        },
        "end": {
          "line": 24,
          "column": 42
        }
      },
      "3": {
        "start": {
          "line": 25,
          "column": 8
        },
        "end": {
          "line": 25,
          "column": 49
        }
      },
      "4": {
        "start": {
          "line": 30,
          "column": 4
        },
        "end": {
          "line": 30,
          "column": 17
        }
      },
      "5": {
        "start": {
          "line": 31,
          "column": 4
        },
        "end": {
          "line": 33,
          "column": 6
        }
      },
      "6": {
        "start": {
          "line": 36,
          "column": 10
        },
        "end": {
          "line": 63,
          "column": 3
        }
      },
      "7": {
        "start": {
          "line": 43,
          "column": 4
        },
        "end": {
          "line": 62,
          "column": 9
        }
      },
      "8": {
        "start": {
          "line": 45,
          "column": 8
        },
        "end": {
          "line": 55,
          "column": 9
        }
      },
      "9": {
        "start": {
          "line": 47,
          "column": 12
        },
        "end": {
          "line": 47,
          "column": 61
        }
      },
      "10": {
        "start": {
          "line": 48,
          "column": 12
        },
        "end": {
          "line": 48,
          "column": 53
        }
      },
      "11": {
        "start": {
          "line": 49,
          "column": 12
        },
        "end": {
          "line": 49,
          "column": 18
        }
      },
      "12": {
        "start": {
          "line": 51,
          "column": 12
        },
        "end": {
          "line": 51,
          "column": 61
        }
      },
      "13": {
        "start": {
          "line": 53,
          "column": 12
        },
        "end": {
          "line": 53,
          "column": 53
        }
      },
      "14": {
        "start": {
          "line": 54,
          "column": 12
        },
        "end": {
          "line": 54,
          "column": 18
        }
      },
      "15": {
        "start": {
          "line": 58,
          "column": 8
        },
        "end": {
          "line": 60,
          "column": 11
        }
      },
      "16": {
        "start": {
          "line": 61,
          "column": 8
        },
        "end": {
          "line": 61,
          "column": 28
        }
      },
      "17": {
        "start": {
          "line": 65,
          "column": 11
        },
        "end": {
          "line": 70,
          "column": 3
        }
      },
      "18": {
        "start": {
          "line": 66,
          "column": 4
        },
        "end": {
          "line": 69,
          "column": 7
        }
      },
      "19": {
        "start": {
          "line": 67,
          "column": 6
        },
        "end": {
          "line": 67,
          "column": 55
        }
      },
      "20": {
        "start": {
          "line": 68,
          "column": 6
        },
        "end": {
          "line": 68,
          "column": 40
        }
      },
      "21": {
        "start": {
          "line": 72,
          "column": 16
        },
        "end": {
          "line": 82,
          "column": 3
        }
      },
      "22": {
        "start": {
          "line": 73,
          "column": 4
        },
        "end": {
          "line": 81,
          "column": 9
        }
      },
      "23": {
        "start": {
          "line": 75,
          "column": 8
        },
        "end": {
          "line": 77,
          "column": 11
        }
      },
      "24": {
        "start": {
          "line": 80,
          "column": 8
        },
        "end": {
          "line": 80,
          "column": 30
        }
      },
      "25": {
        "start": {
          "line": 85,
          "column": 18
        },
        "end": {
          "line": 90,
          "column": 5
        }
      },
      "26": {
        "start": {
          "line": 91,
          "column": 4
        },
        "end": {
          "line": 130,
          "column": 6
        }
      }
    },
    "fnMap": {
      "0": {
        "name": "(anonymous_0)",
        "decl": {
          "start": {
            "line": 18,
            "column": 2
          },
          "end": {
            "line": 18,
            "column": 3
          }
        },
        "loc": {
          "start": {
            "line": 18,
            "column": 22
          },
          "end": {
            "line": 27,
            "column": 3
          }
        },
        "line": 18
      },
      "1": {
        "name": "(anonymous_1)",
        "decl": {
          "start": {
            "line": 20,
            "column": 12
          },
          "end": {
            "line": 20,
            "column": 13
          }
        },
        "loc": {
          "start": {
            "line": 20,
            "column": 22
          },
          "end": {
            "line": 22,
            "column": 7
          }
        },
        "line": 20
      },
      "2": {
        "name": "(anonymous_2)",
        "decl": {
          "start": {
            "line": 23,
            "column": 13
          },
          "end": {
            "line": 23,
            "column": 14
          }
        },
        "loc": {
          "start": {
            "line": 23,
            "column": 22
          },
          "end": {
            "line": 26,
            "column": 7
          }
        },
        "line": 23
      },
      "3": {
        "name": "(anonymous_3)",
        "decl": {
          "start": {
            "line": 29,
            "column": 2
          },
          "end": {
            "line": 29,
            "column": 3
          }
        },
        "loc": {
          "start": {
            "line": 29,
            "column": 21
          },
          "end": {
            "line": 34,
            "column": 3
          }
        },
        "line": 29
      },
      "4": {
        "name": "(anonymous_4)",
        "decl": {
          "start": {
            "line": 36,
            "column": 10
          },
          "end": {
            "line": 36,
            "column": 11
          }
        },
        "loc": {
          "start": {
            "line": 36,
            "column": 34
          },
          "end": {
            "line": 63,
            "column": 3
          }
        },
        "line": 36
      },
      "5": {
        "name": "(anonymous_5)",
        "decl": {
          "start": {
            "line": 44,
            "column": 12
          },
          "end": {
            "line": 44,
            "column": 13
          }
        },
        "loc": {
          "start": {
            "line": 44,
            "column": 22
          },
          "end": {
            "line": 56,
            "column": 7
          }
        },
        "line": 44
      },
      "6": {
        "name": "(anonymous_6)",
        "decl": {
          "start": {
            "line": 57,
            "column": 13
          },
          "end": {
            "line": 57,
            "column": 14
          }
        },
        "loc": {
          "start": {
            "line": 57,
            "column": 25
          },
          "end": {
            "line": 62,
            "column": 7
          }
        },
        "line": 57
      },
      "7": {
        "name": "(anonymous_7)",
        "decl": {
          "start": {
            "line": 65,
            "column": 11
          },
          "end": {
            "line": 65,
            "column": 12
          }
        },
        "loc": {
          "start": {
            "line": 65,
            "column": 17
          },
          "end": {
            "line": 70,
            "column": 3
          }
        },
        "line": 65
      },
      "8": {
        "name": "(anonymous_8)",
        "decl": {
          "start": {
            "line": 66,
            "column": 33
          },
          "end": {
            "line": 66,
            "column": 34
          }
        },
        "loc": {
          "start": {
            "line": 66,
            "column": 39
          },
          "end": {
            "line": 69,
            "column": 5
          }
        },
        "line": 66
      },
      "9": {
        "name": "(anonymous_9)",
        "decl": {
          "start": {
            "line": 72,
            "column": 16
          },
          "end": {
            "line": 72,
            "column": 17
          }
        },
        "loc": {
          "start": {
            "line": 72,
            "column": 28
          },
          "end": {
            "line": 82,
            "column": 3
          }
        },
        "line": 72
      },
      "10": {
        "name": "(anonymous_10)",
        "decl": {
          "start": {
            "line": 74,
            "column": 12
          },
          "end": {
            "line": 74,
            "column": 13
          }
        },
        "loc": {
          "start": {
            "line": 74,
            "column": 26
          },
          "end": {
            "line": 78,
            "column": 7
          }
        },
        "line": 74
      },
      "11": {
        "name": "(anonymous_11)",
        "decl": {
          "start": {
            "line": 79,
            "column": 13
          },
          "end": {
            "line": 79,
            "column": 14
          }
        },
        "loc": {
          "start": {
            "line": 79,
            "column": 27
          },
          "end": {
            "line": 81,
            "column": 7
          }
        },
        "line": 79
      },
      "12": {
        "name": "(anonymous_12)",
        "decl": {
          "start": {
            "line": 84,
            "column": 2
          },
          "end": {
            "line": 84,
            "column": 3
          }
        },
        "loc": {
          "start": {
            "line": 84,
            "column": 11
          },
          "end": {
            "line": 131,
            "column": 3
          }
        },
        "line": 84
      }
    },
    "branchMap": {
      "0": {
        "loc": {
          "start": {
            "line": 45,
            "column": 8
          },
          "end": {
            "line": 55,
            "column": 9
          }
        },
        "type": "switch",
        "locations": [
          {
            "start": {
              "line": 46,
              "column": 10
            },
            "end": {
              "line": 49,
              "column": 18
            }
          },
          {
            "start": {
              "line": 50,
              "column": 10
            },
            "end": {
              "line": 54,
              "column": 18
            }
          }
        ],
        "line": 45
      }
    },
    "s": {
      "0": 5,
      "1": 0,
      "2": 4,
      "3": 4,
      "4": 15,
      "5": 10,
      "6": 10,
      "7": 3,
      "8": 3,
      "9": 1,
      "10": 1,
      "11": 1,
      "12": 2,
      "13": 2,
      "14": 2,
      "15": 0,
      "16": 0,
      "17": 10,
      "18": 0,
      "19": 0,
      "20": 0,
      "21": 10,
      "22": 0,
      "23": 0,
      "24": 0,
      "25": 52,
      "26": 52
    },
    "f": {
      "0": 5,
      "1": 0,
      "2": 4,
      "3": 15,
      "4": 3,
      "5": 3,
      "6": 0,
      "7": 0,
      "8": 0,
      "9": 0,
      "10": 0,
      "11": 0,
      "12": 52
    },
    "b": {
      "0": [
        1,
        2
      ]
    },
    "_coverageSchema": "1a1c01bbd47fc00a2c39e90264f33305004495a9",
    "hash": "8e388cb0ffb84760e099101f17141c8479f56f95"
  },
  "C:\\Users\\ASUS\\Desktop\\NewNewSE2\\PULSeBS\\client\\src\\reportWebVitals.js": {
    "path": "C:\\Users\\ASUS\\Desktop\\NewNewSE2\\PULSeBS\\client\\src\\reportWebVitals.js",
    "statementMap": {
      "0": {
        "start": {
          "line": 1,
          "column": 24
        },
        "end": {
          "line": 11,
          "column": 1
        }
      },
      "1": {
        "start": {
          "line": 2,
          "column": 2
        },
        "end": {
          "line": 10,
          "column": 3
        }
      },
      "2": {
        "start": {
          "line": 3,
          "column": 4
        },
        "end": {
          "line": 9,
          "column": 7
        }
      },
      "3": {
        "start": {
          "line": 4,
          "column": 6
        },
        "end": {
          "line": 4,
          "column": 26
        }
      },
      "4": {
        "start": {
          "line": 5,
          "column": 6
        },
        "end": {
          "line": 5,
          "column": 26
        }
      },
      "5": {
        "start": {
          "line": 6,
          "column": 6
        },
        "end": {
          "line": 6,
          "column": 26
        }
      },
      "6": {
        "start": {
          "line": 7,
          "column": 6
        },
        "end": {
          "line": 7,
          "column": 26
        }
      },
      "7": {
        "start": {
          "line": 8,
          "column": 6
        },
        "end": {
          "line": 8,
          "column": 27
        }
      }
    },
    "fnMap": {
      "0": {
        "name": "(anonymous_0)",
        "decl": {
          "start": {
            "line": 1,
            "column": 24
          },
          "end": {
            "line": 1,
            "column": 25
          }
        },
        "loc": {
          "start": {
            "line": 1,
            "column": 39
          },
          "end": {
            "line": 11,
            "column": 1
          }
        },
        "line": 1
      },
      "1": {
        "name": "(anonymous_1)",
        "decl": {
          "start": {
            "line": 3,
            "column": 30
          },
          "end": {
            "line": 3,
            "column": 31
          }
        },
        "loc": {
          "start": {
            "line": 3,
            "column": 79
          },
          "end": {
            "line": 9,
            "column": 5
          }
        },
        "line": 3
      }
    },
    "branchMap": {
      "0": {
        "loc": {
          "start": {
            "line": 2,
            "column": 2
          },
          "end": {
            "line": 10,
            "column": 3
          }
        },
        "type": "if",
        "locations": [
          {
            "start": {
              "line": 2,
              "column": 2
            },
            "end": {
              "line": 10,
              "column": 3
            }
          },
          {
            "start": {
              "line": 2,
              "column": 2
            },
            "end": {
              "line": 10,
              "column": 3
            }
          }
        ],
        "line": 2
      },
      "1": {
        "loc": {
          "start": {
            "line": 2,
            "column": 6
          },
          "end": {
            "line": 2,
            "column": 52
          }
        },
        "type": "binary-expr",
        "locations": [
          {
            "start": {
              "line": 2,
              "column": 6
            },
            "end": {
              "line": 2,
              "column": 17
            }
          },
          {
            "start": {
              "line": 2,
              "column": 21
            },
            "end": {
              "line": 2,
              "column": 52
            }
          }
        ],
        "line": 2
      }
    },
    "s": {
      "0": 5,
      "1": 5,
      "2": 0,
      "3": 0,
      "4": 0,
      "5": 0,
      "6": 0,
      "7": 0
    },
    "f": {
      "0": 5,
      "1": 0
    },
    "b": {
      "0": [
        0,
        5
      ],
      "1": [
        5,
        0
      ]
    },
    "_coverageSchema": "1a1c01bbd47fc00a2c39e90264f33305004495a9",
    "hash": "4e4e314807817b77ac814364cb015cb4c4aa91db"
  },
  "C:\\Users\\ASUS\\Desktop\\NewNewSE2\\PULSeBS\\client\\src\\index.js": {
    "path": "C:\\Users\\ASUS\\Desktop\\NewNewSE2\\PULSeBS\\client\\src\\index.js",
    "statementMap": {
      "0": {
        "start": {
          "line": 10,
          "column": 0
        },
        "end": {
          "line": 17,
          "column": 2
        }
      },
      "1": {
        "start": {
          "line": 22,
          "column": 0
        },
        "end": {
          "line": 22,
          "column": 18
        }
      }
    },
    "fnMap": {},
    "branchMap": {},
    "s": {
      "0": 5,
      "1": 5
    },
    "f": {},
    "b": {},
    "_coverageSchema": "1a1c01bbd47fc00a2c39e90264f33305004495a9",
    "hash": "18b4d7844fe4fb0a2fb00281d4d05d130a466dd5"
  }
}