TN:
SF:src/App.js
FN:19,(anonymous_0)
FN:27,(anonymous_1)
FN:29,(anonymous_2)
FN:32,(anonymous_3)
FN:68,(anonymous_4)
FN:76,(anonymous_5)
FN:101,(anonymous_6)
FN:109,(anonymous_7)
FN:110,(anonymous_8)
FN:116,(anonymous_9)
FN:118,(anonymous_10)
FN:123,(anonymous_11)
FN:128,(anonymous_12)
FNF:13
FNH:9
FNDA:27,(anonymous_0)
FNDA:10,(anonymous_1)
FNDA:0,(anonymous_2)
FNDA:9,(anonymous_3)
FNDA:8,(anonymous_4)
FNDA:7,(anonymous_5)
FNDA:1,(anonymous_6)
FNDA:4,(anonymous_7)
FNDA:4,(anonymous_8)
FNDA:0,(anonymous_9)
FNDA:0,(anonymous_10)
FNDA:0,(anonymous_11)
FNDA:150,(anonymous_12)
DA:20,27
DA:21,20
DA:28,10
DA:30,0
DA:33,9
DA:34,9
DA:68,20
DA:75,8
DA:77,7
DA:79,2
DA:80,2
DA:81,2
DA:83,2
DA:85,2
DA:86,2
DA:89,1
DA:90,1
DA:94,1
DA:96,2
DA:97,2
DA:98,2
DA:102,1
DA:105,1
DA:109,20
DA:110,4
DA:111,4
DA:112,4
DA:116,20
DA:117,0
DA:119,0
DA:124,0
DA:129,150
DA:135,150
LF:33
LH:29
BRDA:77,0,0,2
BRDA:77,0,1,2
BRDA:77,0,2,1
BRDA:77,0,3,2
BRF:4
BRH:4
end_of_record
TN:
SF:src/index.js
FNF:0
FNH:0
DA:10,10
DA:22,10
LF:2
LH:2
BRF:0
BRH:0
end_of_record
TN:
SF:src/reportWebVitals.js
FN:1,(anonymous_0)
FN:3,(anonymous_1)
FNF:2
FNH:1
FNDA:10,(anonymous_0)
FNDA:0,(anonymous_1)
DA:1,10
DA:2,10
DA:3,0
DA:4,0
DA:5,0
DA:6,0
DA:7,0
DA:8,0
LF:8
LH:2
BRDA:2,0,0,0
BRDA:2,0,1,10
BRDA:2,1,0,10
BRDA:2,1,1,0
BRF:4
BRH:2
end_of_record
TN:
SF:src/API/API.js
FN:4,getAllLectures
FN:12,(anonymous_1)
FN:34,getLectures
FN:45,(anonymous_3)
FN:69,getLecturesStartDate
FN:81,(anonymous_5)
FN:104,getStats
FN:126,bookLecture
FN:128,(anonymous_8)
FN:136,(anonymous_9)
FN:146,(anonymous_10)
FN:154,cancelBooking
FN:156,(anonymous_12)
FN:164,(anonymous_13)
FN:174,(anonymous_14)
FN:182,getStudentsBooked
FN:201,deleteLecture
FN:204,(anonymous_17)
FN:212,(anonymous_18)
FN:225,(anonymous_19)
FN:235,userLogin
FN:236,(anonymous_21)
FN:245,(anonymous_22)
FN:259,(anonymous_23)
FN:269,isLogged
FN:281,turnLecture2
FN:282,(anonymous_26)
FN:290,(anonymous_27)
FN:297,(anonymous_28)
FN:300,(anonymous_29)
FN:309,(anonymous_30)
FN:315,turnLecture
FN:317,(anonymous_32)
FN:326,(anonymous_33)
FN:339,(anonymous_34)
FN:348,userLogout
FN:349,(anonymous_36)
FN:352,(anonymous_37)
FN:359,(anonymous_38)
FN:362,(anonymous_39)
FN:374,getStatesBookManager
FN:387,getStatesWeekly
FN:401,getStatesMonthly
FN:415,getAllCourses
FN:427,uploadCsv
FN:429,(anonymous_45)
FNF:46
FNH:33
FNDA:2,getAllLectures
FNDA:280,(anonymous_1)
FNDA:10,getLectures
FNDA:750,(anonymous_3)
FNDA:6,getLecturesStartDate
FNDA:630,(anonymous_5)
FNDA:40,getStats
FNDA:2,bookLecture
FNDA:2,(anonymous_8)
FNDA:2,(anonymous_9)
FNDA:0,(anonymous_10)
FNDA:2,cancelBooking
FNDA:2,(anonymous_12)
FNDA:2,(anonymous_13)
FNDA:0,(anonymous_14)
FNDA:16,getStudentsBooked
FNDA:2,deleteLecture
FNDA:2,(anonymous_17)
FNDA:2,(anonymous_18)
FNDA:0,(anonymous_19)
FNDA:8,userLogin
FNDA:8,(anonymous_21)
FNDA:8,(anonymous_22)
FNDA:0,(anonymous_23)
FNDA:14,isLogged
FNDA:0,turnLecture2
FNDA:0,(anonymous_26)
FNDA:0,(anonymous_27)
FNDA:0,(anonymous_28)
FNDA:0,(anonymous_29)
FNDA:0,(anonymous_30)
FNDA:2,turnLecture
FNDA:2,(anonymous_32)
FNDA:2,(anonymous_33)
FNDA:0,(anonymous_34)
FNDA:4,userLogout
FNDA:4,(anonymous_36)
FNDA:4,(anonymous_37)
FNDA:0,(anonymous_38)
FNDA:0,(anonymous_39)
FNDA:2,getStatesBookManager
FNDA:6,getStatesWeekly
FNDA:1,getStatesMonthly
FNDA:1,getAllCourses
FNDA:2,uploadCsv
FNDA:2,(anonymous_45)
DA:2,10
DA:6,2
DA:7,2
DA:8,2
DA:9,2
DA:10,2
DA:11,2
DA:13,280
DA:27,2
DA:29,0
DA:30,0
DA:35,10
DA:37,10
DA:40,10
DA:41,10
DA:42,10
DA:43,10
DA:44,10
DA:46,750
DA:61,10
DA:63,0
DA:64,0
DA:70,6
DA:72,6
DA:76,6
DA:77,6
DA:78,6
DA:79,6
DA:80,6
DA:82,630
DA:96,6
DA:98,0
DA:99,0
DA:105,40
DA:106,40
DA:107,40
DA:108,40
DA:110,40
DA:113,40
DA:114,40
DA:115,40
DA:116,40
DA:118,0
DA:119,0
DA:128,2
DA:130,2
DA:131,2
DA:132,2
DA:133,2
DA:135,2
DA:136,2
DA:137,2
DA:138,2
DA:139,2
DA:140,2
DA:142,0
DA:146,2
DA:147,0
DA:149,2
DA:156,2
DA:158,2
DA:159,2
DA:160,2
DA:161,2
DA:163,2
DA:164,2
DA:165,2
DA:166,2
DA:167,2
DA:168,2
DA:170,0
DA:174,2
DA:175,0
DA:177,2
DA:183,16
DA:184,16
DA:185,16
DA:186,16
DA:189,16
DA:191,16
DA:192,16
DA:193,16
DA:195,0
DA:196,0
DA:204,2
DA:206,2
DA:207,2
DA:208,2
DA:209,2
DA:211,2
DA:212,2
DA:214,2
DA:216,2
DA:217,2
DA:218,2
DA:221,0
DA:225,2
DA:227,0
DA:229,2
DA:236,8
DA:238,8
DA:239,8
DA:240,8
DA:241,8
DA:243,8
DA:245,8
DA:247,8
DA:249,8
DA:250,7
DA:251,7
DA:252,7
DA:255,1
DA:259,8
DA:260,0
DA:262,8
DA:270,14
DA:271,14
DA:273,13
DA:275,4
DA:277,9
DA:278,9
DA:282,0
DA:283,0
DA:291,0
DA:292,0
DA:295,0
DA:298,0
DA:301,0
DA:310,0
DA:317,2
DA:319,2
DA:320,2
DA:321,2
DA:323,2
DA:325,2
DA:326,2
DA:328,2
DA:330,2
DA:331,2
DA:332,2
DA:335,0
DA:339,2
DA:341,0
DA:343,2
DA:349,4
DA:350,4
DA:353,4
DA:354,4
DA:357,0
DA:360,0
DA:363,0
DA:375,2
DA:377,2
DA:378,2
DA:379,2
DA:380,2
DA:382,0
DA:383,0
DA:388,6
DA:389,6
DA:391,6
DA:392,6
DA:393,6
DA:394,6
DA:396,0
DA:397,0
DA:403,1
DA:405,1
DA:406,1
DA:407,1
DA:408,1
DA:410,0
DA:411,0
DA:416,1
DA:417,1
DA:418,1
DA:419,1
DA:420,1
DA:422,0
DA:423,0
DA:429,2
DA:431,2
DA:434,2
DA:436,0
DA:437,0
DA:438,0
DA:440,0
DA:441,0
DA:442,0
DA:443,0
DA:444,0
DA:446,2
DA:447,2
DA:448,2
DA:450,0
DA:451,0
DA:452,0
DA:454,0
DA:455,0
DA:456,0
DA:458,0
DA:459,0
DA:460,0
DA:462,0
DA:464,2
DA:468,2
DA:469,2
DA:471,2
DA:474,0
DA:504,10
LF:210
LH:153
BRDA:9,0,0,2
BRDA:9,0,1,0
BRDA:42,1,0,10
BRDA:42,1,1,0
BRDA:78,2,0,6
BRDA:78,2,1,0
BRDA:105,3,0,20
BRDA:105,3,1,20
BRDA:106,4,0,40
BRDA:106,4,1,0
BRDA:106,5,0,40
BRDA:106,5,1,0
BRDA:107,6,0,20
BRDA:107,6,1,20
BRDA:107,7,0,40
BRDA:107,7,1,22
BRDA:108,8,0,0
BRDA:108,8,1,40
BRDA:108,9,0,40
BRDA:108,9,1,40
BRDA:115,10,0,40
BRDA:115,10,1,0
BRDA:137,11,0,2
BRDA:137,11,1,0
BRDA:165,12,0,2
BRDA:165,12,1,0
BRDA:184,13,0,16
BRDA:184,13,1,0
BRDA:192,14,0,16
BRDA:192,14,1,0
BRDA:214,15,0,2
BRDA:214,15,1,0
BRDA:249,16,0,7
BRDA:249,16,1,1
BRDA:273,17,0,4
BRDA:273,17,1,9
BRDA:291,18,0,0
BRDA:291,18,1,0
BRDA:328,19,0,2
BRDA:328,19,1,0
BRDA:353,20,0,4
BRDA:353,20,1,0
BRDA:379,21,0,2
BRDA:379,21,1,0
BRDA:393,22,0,6
BRDA:393,22,1,0
BRDA:407,23,0,1
BRDA:407,23,1,0
BRDA:419,24,0,1
BRDA:419,24,1,0
BRDA:434,25,0,0
BRDA:434,25,1,0
BRDA:434,25,2,2
BRDA:434,25,3,0
BRDA:434,25,4,0
BRDA:434,25,5,0
BRDA:434,25,6,0
BRDA:469,26,0,2
BRDA:469,26,1,0
BRF:59
BRH:32
end_of_record
TN:
SF:src/API/Lecture.js
FN:2,(anonymous_0)
FN:16,(anonymous_1)
FN:49,(anonymous_2)
FNF:3
FNH:2
FNDA:1660,(anonymous_0)
FNDA:3320,(anonymous_1)
FNDA:0,(anonymous_2)
DA:16,1660
DA:17,3320
DA:18,3320
DA:19,3320
DA:20,3320
DA:27,3320
DA:30,1660
DA:31,1660
DA:32,1660
DA:33,1660
DA:34,1660
DA:35,1660
DA:36,1660
DA:37,1660
DA:38,1660
DA:39,1660
DA:40,1660
DA:41,1660
DA:50,0
DA:51,0
LF:20
LH:18
BRF:0
BRH:0
end_of_record
TN:
SF:src/auth/AuthContext.js
FNF:0
FNH:0
DA:3,10
LF:1
LH:1
BRF:0
BRH:0
end_of_record
TN:
SF:src/components/Calendar.js
FN:9,(anonymous_0)
FN:13,(anonymous_1)
FN:15,(anonymous_2)
FN:19,(anonymous_3)
FN:26,(anonymous_4)
FN:28,(anonymous_5)
FN:35,(anonymous_6)
FNF:7
FNH:6
FNDA:2,(anonymous_0)
FNDA:2,(anonymous_1)
FNDA:150,(anonymous_2)
FNDA:6,(anonymous_3)
FNDA:0,(anonymous_4)
FNDA:4,(anonymous_5)
FNDA:8,(anonymous_6)
DA:7,10
DA:10,2
DA:12,2
DA:15,2
DA:16,150
DA:19,6
DA:24,2
DA:26,0
DA:29,4
DA:30,4
DA:36,8
LF:11
LH:10
BRF:0
BRH:0
end_of_record
TN:
SF:src/components/DialogAlert.js
FN:10,DialogAlert
FN:13,(anonymous_1)
FN:14,(anonymous_2)
FN:32,(anonymous_3)
FN:56,(anonymous_4)
FNF:5
FNH:5
FNDA:1746,DialogAlert
FNDA:8,(anonymous_1)
FNDA:8,(anonymous_2)
FNDA:2,(anonymous_3)
FNDA:2,(anonymous_4)
DA:11,1746
DA:13,1744
DA:14,1744
DA:15,1744
DA:16,920
DA:32,2
DA:40,824
DA:41,824
DA:56,2
LF:9
LH:9
BRDA:15,0,0,920
BRDA:15,0,1,824
BRDA:40,1,0,824
BRDA:40,1,1,0
BRF:4
BRH:3
end_of_record
TN:
SF:src/components/Lectures.js
FN:11,(anonymous_0)
FN:18,(anonymous_1)
FN:19,(anonymous_2)
FN:26,(anonymous_3)
FN:42,(anonymous_4)
FN:48,(anonymous_5)
FN:50,(anonymous_6)
FN:64,(anonymous_7)
FN:92,(anonymous_8)
FN:110,(anonymous_9)
FN:146,(anonymous_10)
FN:167,LectureRow
FN:182,LectureData
FN:212,(anonymous_13)
FN:225,(anonymous_14)
FN:264,AlertDismissibleExample
FNF:16
FNH:14
FNDA:6,(anonymous_0)
FNDA:4,(anonymous_1)
FNDA:4,(anonymous_2)
FNDA:52,(anonymous_3)
FNDA:2,(anonymous_4)
FNDA:80,(anonymous_5)
FNDA:0,(anonymous_6)
FNDA:2,(anonymous_7)
FNDA:3300,(anonymous_8)
FNDA:0,(anonymous_9)
FNDA:3300,(anonymous_10)
FNDA:3302,LectureRow
FNDA:3302,LectureData
FNDA:2,(anonymous_13)
FNDA:2,(anonymous_14)
FNDA:52,AlertDismissibleExample
DA:12,6
DA:13,4
DA:18,4
DA:19,4
DA:20,4
DA:27,52
DA:43,2
DA:49,80
DA:51,0
DA:64,2
DA:93,3300
DA:111,0
DA:147,3300
DA:168,3302
DA:183,3302
DA:213,2
DA:214,2
DA:226,2
DA:265,52
DA:266,0
DA:271,52
DA:272,20
DA:274,32
LF:23
LH:20
BRDA:89,0,0,52
BRDA:89,0,1,0
BRDA:93,1,0,3300
BRDA:93,1,1,3152
BRDA:111,2,0,0
BRDA:111,2,1,0
BRDA:147,3,0,3300
BRDA:147,3,1,148
BRDA:187,4,0,0
BRDA:187,4,1,3300
BRDA:188,5,0,660
BRDA:188,5,1,2640
BRDA:190,6,0,660
BRDA:190,6,1,2640
BRDA:206,7,0,2640
BRDA:206,7,1,660
BRDA:208,8,0,2492
BRDA:208,8,1,148
BRDA:217,9,0,452
BRDA:217,9,1,2040
BRDA:243,10,0,3152
BRDA:243,10,1,148
BRDA:247,11,0,0
BRDA:247,11,1,148
BRDA:265,12,0,0
BRDA:265,12,1,52
BRDA:271,13,0,20
BRDA:271,13,1,32
BRF:28
BRH:22
end_of_record
TN:
SF:src/components/LoginPage.js
FN:17,(anonymous_0)
FN:25,(anonymous_1)
FN:35,(anonymous_2)
FN:40,(anonymous_3)
FN:43,(anonymous_4)
FN:68,(anonymous_5)
FNF:6
FNH:6
FNDA:28,(anonymous_0)
FNDA:130,(anonymous_1)
FNDA:8,(anonymous_2)
FNDA:338,(anonymous_3)
FNDA:169,(anonymous_4)
FNDA:8,(anonymous_5)
DA:18,28
DA:19,28
DA:25,28
DA:26,130
DA:27,130
DA:28,130
DA:30,130
DA:35,28
DA:36,8
DA:37,8
DA:41,338
DA:44,169
DA:69,8
LF:13
LH:13
BRDA:45,0,0,169
BRDA:45,0,1,7
BRDA:45,0,2,2
BRDA:50,1,0,169
BRDA:50,1,1,7
BRDA:50,1,2,2
BRDA:53,2,0,169
BRDA:53,2,1,7
BRDA:53,2,2,1
BRDA:56,3,0,169
BRDA:56,3,1,7
BRDA:56,3,2,2
BRF:12
BRH:12
end_of_record
TN:
SF:src/components/Student.js
FN:7,(anonymous_0)
FN:18,(anonymous_1)
FN:23,(anonymous_2)
FN:31,(anonymous_3)
FN:35,(anonymous_4)
FN:43,(anonymous_5)
FN:53,(anonymous_6)
FN:58,(anonymous_7)
FN:62,(anonymous_8)
FN:65,(anonymous_9)
FN:69,(anonymous_10)
FN:72,(anonymous_11)
FN:79,(anonymous_12)
FN:82,(anonymous_13)
FN:85,(anonymous_14)
FNF:15
FNH:11
FNDA:6,(anonymous_0)
FNDA:2,(anonymous_1)
FNDA:2,(anonymous_2)
FNDA:0,(anonymous_3)
FNDA:2,(anonymous_4)
FNDA:0,(anonymous_5)
FNDA:2,(anonymous_6)
FNDA:2,(anonymous_7)
FNDA:0,(anonymous_8)
FNDA:8,(anonymous_9)
FNDA:8,(anonymous_10)
FNDA:600,(anonymous_11)
FNDA:0,(anonymous_12)
FNDA:52,(anonymous_13)
FNDA:26,(anonymous_14)
DA:8,6
DA:9,4
DA:18,4
DA:19,2
DA:20,2
DA:22,2
DA:24,2
DA:25,2
DA:26,0
DA:27,0
DA:29,2
DA:31,0
DA:35,4
DA:36,2
DA:37,2
DA:38,2
DA:39,2
DA:40,2
DA:41,2
DA:43,0
DA:44,0
DA:47,0
DA:48,0
DA:53,4
DA:54,2
DA:55,2
DA:57,2
DA:59,2
DA:60,2
DA:62,0
DA:67,8
DA:68,8
DA:70,8
DA:71,8
DA:72,8
DA:73,600
DA:75,8
DA:77,8
DA:79,0
DA:83,52
DA:86,26
LF:41
LH:32
BRDA:24,0,0,2
BRDA:24,0,1,0
BRDA:26,1,0,0
BRDA:26,1,1,0
BRDA:37,2,0,2
BRDA:37,2,1,0
BRDA:87,3,0,26
BRDA:87,3,1,0
BRF:8
BRH:3
end_of_record
TN:
SF:src/components/SupportOfficer.js
FN:8,(anonymous_0)
FN:13,(anonymous_1)
FN:16,(anonymous_2)
FNF:3
FNH:3
FNDA:6,(anonymous_0)
FNDA:8,(anonymous_1)
FNDA:4,(anonymous_2)
DA:9,6
DA:10,4
DA:14,8
DA:17,4
LF:4
LH:4
BRDA:18,0,0,4
BRDA:18,0,1,0
BRF:2
BRH:1
end_of_record
TN:
SF:src/components/Teacher.js
FN:13,(anonymous_0)
FN:29,(anonymous_1)
FN:33,(anonymous_2)
FN:42,(anonymous_3)
FN:44,(anonymous_4)
FN:49,(anonymous_5)
FN:54,(anonymous_6)
FN:56,(anonymous_7)
FN:62,(anonymous_8)
FN:68,(anonymous_9)
FN:70,(anonymous_10)
FN:75,(anonymous_11)
FN:80,(anonymous_12)
FN:84,(anonymous_13)
FN:88,(anonymous_14)
FN:91,(anonymous_15)
FN:94,(anonymous_16)
FN:99,(anonymous_17)
FN:101,(anonymous_18)
FN:115,(anonymous_19)
FN:117,(anonymous_20)
FN:118,(anonymous_21)
FN:122,(anonymous_22)
FN:137,(anonymous_23)
FN:142,(anonymous_24)
FN:149,(anonymous_25)
FN:157,(anonymous_26)
FN:168,(anonymous_27)
FN:173,(anonymous_28)
FN:182,(anonymous_29)
FN:214,(anonymous_30)
FN:228,(anonymous_31)
FN:254,(anonymous_32)
FNF:33
FNH:25
FNDA:6,(anonymous_0)
FNDA:2,(anonymous_1)
FNDA:2,(anonymous_2)
FNDA:6,(anonymous_3)
FNDA:6,(anonymous_4)
FNDA:0,(anonymous_5)
FNDA:16,(anonymous_6)
FNDA:16,(anonymous_7)
FNDA:0,(anonymous_8)
FNDA:2,(anonymous_9)
FNDA:2,(anonymous_10)
FNDA:0,(anonymous_11)
FNDA:0,(anonymous_12)
FNDA:0,(anonymous_13)
FNDA:2,(anonymous_14)
FNDA:2,(anonymous_15)
FNDA:0,(anonymous_16)
FNDA:4,(anonymous_17)
FNDA:420,(anonymous_18)
FNDA:104,(anonymous_19)
FNDA:9660,(anonymous_20)
FNDA:9660,(anonymous_21)
FNDA:52,(anonymous_22)
FNDA:0,(anonymous_23)
FNDA:92,(anonymous_24)
FNDA:2,(anonymous_25)
FNDA:2,(anonymous_26)
FNDA:9660,(anonymous_27)
FNDA:460,(anonymous_28)
FNDA:16,(anonymous_29)
FNDA:2,(anonymous_30)
FNDA:2,(anonymous_31)
FNDA:0,(anonymous_32)
DA:10,10
DA:14,6
DA:16,4
DA:26,4
DA:30,2
DA:31,2
DA:33,4
DA:34,2
DA:35,2
DA:36,2
DA:38,0
DA:42,4
DA:43,6
DA:45,6
DA:50,0
DA:55,16
DA:57,16
DA:63,0
DA:69,2
DA:71,2
DA:72,2
DA:73,2
DA:76,0
DA:81,0
DA:85,0
DA:90,2
DA:92,2
DA:95,0
DA:100,4
DA:101,420
DA:103,4
DA:104,2
DA:105,2
DA:107,2
DA:108,2
DA:109,2
DA:112,4
DA:116,104
DA:117,9660
DA:118,9660
DA:120,104
DA:123,52
DA:138,0
DA:139,0
DA:143,92
DA:149,2
DA:157,2
DA:168,9660
DA:174,460
DA:183,16
DA:188,16
DA:215,2
DA:229,2
DA:255,0
DA:283,10
LF:55
LH:45
BRDA:46,0,0,6
BRDA:46,0,1,0
BRDA:58,1,0,16
BRDA:58,1,1,0
BRDA:103,2,0,2
BRDA:103,2,1,2
BRDA:104,3,0,2
BRDA:104,3,1,0
BRDA:107,4,0,2
BRDA:107,4,1,0
BRDA:108,5,0,2
BRDA:108,5,1,0
BRDA:124,6,0,52
BRDA:124,6,1,0
BRDA:177,7,0,40
BRDA:177,7,1,420
BRDA:201,8,0,48
BRDA:201,8,1,412
BRDA:205,9,0,48
BRDA:205,9,1,412
BRDA:240,10,0,80
BRDA:240,10,1,12
BRDA:242,11,0,0
BRDA:242,11,1,80
BRDA:242,12,0,80
BRDA:242,12,1,0
BRF:26
BRH:18
end_of_record
TN:
SF:src/components/Upload.js
FN:17,(anonymous_0)
FN:30,(anonymous_1)
FN:37,(anonymous_2)
FN:44,(anonymous_3)
FN:59,(anonymous_4)
FN:82,(anonymous_5)
FN:91,(anonymous_6)
FN:157,(anonymous_7)
FN:173,(anonymous_8)
FNF:9
FNH:4
FNDA:2,(anonymous_0)
FNDA:0,(anonymous_1)
FNDA:0,(anonymous_2)
FNDA:4,(anonymous_3)
FNDA:2,(anonymous_4)
FNDA:0,(anonymous_5)
FNDA:52,(anonymous_6)
FNDA:0,(anonymous_7)
FNDA:0,(anonymous_8)
DA:9,20
DA:17,20
DA:19,2
DA:30,20
DA:31,0
DA:32,0
DA:33,0
DA:34,0
DA:37,20
DA:38,0
DA:39,0
DA:40,0
DA:41,0
DA:44,20
DA:46,4
DA:47,2
DA:51,0
DA:53,2
DA:60,2
DA:61,0
DA:62,2
DA:64,2
DA:66,2
DA:67,2
DA:69,0
DA:70,0
DA:72,0
DA:73,0
DA:75,2
DA:83,0
DA:87,2
DA:92,52
DA:157,0
DA:173,0
LF:34
LH:17
BRDA:31,0,0,0
BRDA:31,0,1,0
BRDA:33,1,0,0
BRDA:33,1,1,0
BRDA:38,2,0,0
BRDA:38,2,1,0
BRDA:40,3,0,0
BRDA:40,3,1,0
BRDA:46,4,0,2
BRDA:46,4,1,2
BRDA:47,5,0,0
BRDA:47,5,1,2
BRDA:48,6,0,2
BRDA:48,6,1,0
BRDA:48,6,2,0
BRDA:60,7,0,0
BRDA:60,7,1,2
BRDA:62,8,0,2
BRDA:62,8,1,0
BRDA:64,9,0,2
BRDA:64,9,1,0
BRDA:64,9,2,0
BRDA:95,10,0,0
BRDA:95,10,1,52
BRDA:102,11,0,4
BRDA:102,11,1,48
BRDA:117,12,0,8
BRDA:117,12,1,44
BRDA:151,13,0,4
BRDA:151,13,1,48
BRDA:167,14,0,0
BRDA:167,14,1,52
BRF:32
BRH:15
end_of_record
TN:
SF:src/components/UsageMonitor.js
FN:41,(anonymous_0)
FN:69,(anonymous_1)
FN:74,(anonymous_2)
FN:76,(anonymous_3)
FN:77,(anonymous_4)
FN:99,(anonymous_5)
FN:111,(anonymous_6)
FN:112,(anonymous_7)
FN:149,(anonymous_8)
FN:170,(anonymous_9)
FN:207,(anonymous_10)
FN:226,(anonymous_11)
FN:235,(anonymous_12)
FN:249,(anonymous_13)
FN:290,(anonymous_14)
FN:298,(anonymous_15)
FN:308,(anonymous_16)
FN:312,(anonymous_17)
FN:371,(anonymous_18)
FN:431,(anonymous_19)
FN:465,(anonymous_20)
FNF:21
FNH:19
FNDA:3,(anonymous_0)
FNDA:1,(anonymous_1)
FNDA:1,(anonymous_2)
FNDA:3,(anonymous_3)
FNDA:6,(anonymous_4)
FNDA:1,(anonymous_5)
FNDA:2,(anonymous_6)
FNDA:2,(anonymous_7)
FNDA:3,(anonymous_8)
FNDA:6,(anonymous_9)
FNDA:6,(anonymous_10)
FNDA:6,(anonymous_11)
FNDA:1,(anonymous_12)
FNDA:1,(anonymous_13)
FNDA:0,(anonymous_14)
FNDA:0,(anonymous_15)
FNDA:86,(anonymous_16)
FNDA:43,(anonymous_17)
FNDA:123,(anonymous_18)
FNDA:123,(anonymous_19)
FNDA:1,(anonymous_20)
DA:42,3
DA:43,2
DA:65,2
DA:69,2
DA:74,1
DA:75,1
DA:77,6
DA:80,1
DA:84,1
DA:99,2
DA:101,1
DA:102,1
DA:106,1
DA:107,1
DA:111,2
DA:112,2
DA:113,2
DA:143,2
DA:149,2
DA:150,3
DA:151,3
DA:152,3
DA:158,3
DA:159,1
DA:162,3
DA:163,1
DA:164,6
DA:165,6
DA:169,6
DA:171,6
DA:176,6
DA:178,6
DA:187,6
DA:188,6
DA:189,6
DA:190,6
DA:195,6
DA:202,3
DA:207,2
DA:208,6
DA:209,6
DA:211,6
DA:213,6
DA:215,6
DA:226,2
DA:227,6
DA:228,6
DA:229,6
DA:230,6
DA:231,0
DA:232,6
DA:236,1
DA:240,1
DA:244,1
DA:245,1
DA:250,1
DA:253,1
DA:254,1
DA:284,1
DA:290,2
DA:291,0
DA:293,0
DA:298,2
DA:302,0
DA:309,86
DA:310,86
DA:313,43
DA:372,123
DA:432,123
DA:465,1
LF:70
LH:66
BRDA:158,0,0,1
BRDA:158,0,1,2
BRDA:162,1,0,1
BRDA:162,1,1,2
BRDA:230,2,0,6
BRDA:230,2,1,0
BRDA:314,3,0,43
BRDA:314,3,1,0
BRDA:455,4,0,43
BRDA:455,4,1,10
BRDA:478,5,0,43
BRDA:478,5,1,4
BRDA:581,6,0,43
BRDA:581,6,1,22
BRDA:621,7,0,43
BRDA:621,7,1,4
BRF:16
BRH:14
end_of_record
TN:
SF:src/components/nav.js
FN:8,(anonymous_0)
FN:11,(anonymous_1)
FN:77,(anonymous_2)
FNF:3
FNH:3
FNDA:150,(anonymous_0)
FNDA:75,(anonymous_1)
FNDA:4,(anonymous_2)
DA:9,150
DA:12,75
DA:77,4
LF:3
LH:3
BRDA:13,0,0,29
BRDA:13,0,1,46
BRDA:20,1,0,29
BRDA:20,1,1,10
BRDA:28,2,0,29
BRDA:28,2,1,10
BRDA:43,3,0,29
BRDA:43,3,1,10
BRDA:50,4,0,29
BRDA:50,4,1,10
BRDA:61,5,0,29
BRDA:61,5,1,3
BRF:12
BRH:12
end_of_record
TN:
SF:src/components/Teacher/HistoricalData.js
FN:36,(anonymous_0)
FN:55,(anonymous_1)
FN:61,(anonymous_2)
FN:71,(anonymous_3)
FN:73,(anonymous_4)
FN:77,(anonymous_5)
FN:84,(anonymous_6)
FN:98,(anonymous_7)
FN:103,(anonymous_8)
FN:122,(anonymous_9)
FN:127,(anonymous_10)
FN:139,(anonymous_11)
FN:145,(anonymous_12)
FN:186,(anonymous_13)
FN:191,(anonymous_14)
FN:240,(anonymous_15)
FN:263,(anonymous_16)
FN:279,(anonymous_17)
FN:288,(anonymous_18)
FN:293,(anonymous_19)
FN:296,(anonymous_20)
FN:322,(anonymous_21)
FN:330,(anonymous_22)
FN:338,(anonymous_23)
FN:360,(anonymous_24)
FN:364,(anonymous_25)
FN:390,(anonymous_26)
FN:402,(anonymous_27)
FN:429,(anonymous_28)
FNF:29
FNH:21
FNDA:6,(anonymous_0)
FNDA:2,(anonymous_1)
FNDA:2,(anonymous_2)
FNDA:2,(anonymous_3)
FNDA:2,(anonymous_4)
FNDA:280,(anonymous_5)
FNDA:72,(anonymous_6)
FNDA:0,(anonymous_7)
FNDA:40,(anonymous_8)
FNDA:20,(anonymous_9)
FNDA:40,(anonymous_10)
FNDA:40,(anonymous_11)
FNDA:28,(anonymous_12)
FNDA:0,(anonymous_13)
FNDA:4,(anonymous_14)
FNDA:20,(anonymous_15)
FNDA:0,(anonymous_16)
FNDA:0,(anonymous_17)
FNDA:4,(anonymous_18)
FNDA:72,(anonymous_19)
FNDA:36,(anonymous_20)
FNDA:2,(anonymous_21)
FNDA:2,(anonymous_22)
FNDA:0,(anonymous_23)
FNDA:4,(anonymous_24)
FNDA:0,(anonymous_25)
FNDA:0,(anonymous_26)
FNDA:0,(anonymous_27)
FNDA:60,(anonymous_28)
DA:18,10
DA:20,10
DA:37,6
DA:39,4
DA:52,4
DA:56,2
DA:57,2
DA:58,2
DA:61,4
DA:62,2
DA:63,2
DA:64,2
DA:66,0
DA:71,4
DA:72,2
DA:74,2
DA:75,2
DA:77,280
DA:79,2
DA:83,2
DA:84,2
DA:85,72
DA:86,72
DA:87,72
DA:90,2
DA:91,2
DA:92,2
DA:96,2
DA:99,0
DA:103,4
DA:104,40
DA:105,40
DA:107,40
DA:109,40
DA:111,40
DA:122,4
DA:123,20
DA:124,20
DA:127,4
DA:138,40
DA:142,40
DA:145,28
DA:148,40
DA:150,40
DA:153,40
DA:154,40
DA:155,40
DA:157,40
DA:161,20
DA:163,20
DA:164,2
DA:166,2
DA:167,2
DA:170,40
DA:171,20
DA:174,20
DA:178,20
DA:179,2
DA:181,2
DA:182,2
DA:187,0
DA:192,4
DA:194,4
DA:208,4
DA:209,4
DA:211,4
DA:212,2
DA:213,20
DA:214,20
DA:215,20
DA:228,2
DA:229,2
DA:231,20
DA:233,20
DA:237,20
DA:240,20
DA:251,0
DA:252,0
DA:254,0
DA:256,0
DA:260,0
DA:263,0
DA:276,4
DA:280,0
DA:281,0
DA:282,0
DA:283,0
DA:285,0
DA:289,4
DA:290,4
DA:294,72
DA:297,36
DA:323,2
DA:331,2
DA:339,0
DA:361,4
DA:365,0
DA:369,0
DA:390,0
DA:402,0
DA:430,60
DA:475,10
LF:102
LH:83
BRDA:77,0,0,2
BRDA:77,0,1,0
BRDA:90,1,0,2
BRDA:90,1,1,0
BRDA:142,2,0,20
BRDA:142,2,1,20
BRDA:142,3,0,40
BRDA:142,3,1,20
BRDA:148,4,0,0
BRDA:148,4,1,40
BRDA:148,5,0,40
BRDA:148,5,1,40
BRDA:150,6,0,20
BRDA:150,6,1,20
BRDA:150,7,0,40
BRDA:150,7,1,22
BRDA:153,8,0,40
BRDA:153,8,1,40
BRDA:153,8,2,20
BRDA:155,9,0,40
BRDA:155,9,1,40
BRDA:155,9,2,20
BRDA:157,10,0,20
BRDA:157,10,1,20
BRDA:158,11,0,40
BRDA:158,11,1,20
BRDA:163,12,0,2
BRDA:163,12,1,18
BRDA:170,13,0,20
BRDA:170,13,1,20
BRDA:174,14,0,20
BRDA:174,14,1,0
BRDA:178,15,0,2
BRDA:178,15,1,18
BRDA:211,16,0,2
BRDA:211,16,1,2
BRDA:214,17,0,20
BRDA:214,17,1,0
BRDA:228,18,0,2
BRDA:228,18,1,0
BRDA:251,19,0,0
BRDA:251,19,1,0
BRDA:280,20,0,0
BRDA:280,20,1,0
BRDA:282,21,0,0
BRDA:282,21,1,0
BRDA:298,22,0,36
BRDA:298,22,1,0
BRDA:300,23,0,24
BRDA:300,23,1,12
BRDA:306,24,0,10
BRDA:306,24,1,2
BRDA:348,25,0,8
BRDA:348,25,1,2
BRDA:348,26,0,10
BRDA:348,26,1,6
BRDA:380,27,0,4
BRDA:380,27,1,6
BRDA:384,28,0,0
BRDA:384,28,1,6
BRDA:384,29,0,6
BRDA:384,29,1,0
BRDA:397,30,0,6
BRDA:397,30,1,0
BRF:64
BRH:48
end_of_record
TN:
SF:src/data/consts.js
FNF:0
FNH:0
DA:1,10
LF:1
LH:1
BRF:0
BRH:0
end_of_record
