TN:
SF:src\App.js
FN:19,(anonymous_0)
FN:31,(anonymous_1)
FN:39,(anonymous_2)
FN:57,(anonymous_3)
FN:69,(anonymous_4)
FN:77,(anonymous_5)
FN:101,(anonymous_6)
FN:109,(anonymous_7)
FN:110,(anonymous_8)
FN:116,(anonymous_9)
FN:118,(anonymous_10)
FN:123,(anonymous_11)
FN:128,(anonymous_12)
FNF:13
FNH:9
FNDA:6,(anonymous_0)
FNDA:15,(anonymous_1)
FNDA:1,(anonymous_2)
FNDA:1,(anonymous_3)
FNDA:4,(anonymous_4)
FNDA:4,(anonymous_5)
FNDA:0,(anonymous_6)
FNDA:3,(anonymous_7)
FNDA:3,(anonymous_8)
FNDA:0,(anonymous_9)
FNDA:0,(anonymous_10)
FNDA:0,(anonymous_11)
FNDA:70,(anonymous_12)
DA:32,15
DA:33,12
DA:39,12
DA:52,1
DA:55,1
DA:56,1
DA:57,1
DA:58,1
DA:62,1
DA:64,0
DA:69,12
DA:76,4
DA:78,4
DA:80,2
DA:81,2
DA:82,2
DA:84,1
DA:86,1
DA:87,1
DA:89,1
DA:92,1
DA:93,1
DA:95,0
DA:96,0
DA:97,0
DA:102,0
DA:105,0
DA:109,12
DA:110,3
DA:111,3
DA:112,3
DA:116,12
DA:117,0
DA:119,0
DA:124,0
DA:129,70
DA:135,70
LF:37
LH:28
BRDA:78,0,0,2
BRDA:78,0,1,1
BRDA:78,0,2,1
BRDA:78,0,3,0
BRF:4
BRH:3
end_of_record
TN:
SF:src\index.js
FNF:0
FNH:0
DA:10,6
DA:22,6
LF:2
LH:2
BRF:0
BRH:0
end_of_record
TN:
SF:src\reportWebVitals.js
FN:1,(anonymous_0)
FN:3,(anonymous_1)
FNF:2
FNH:1
FNDA:6,(anonymous_0)
FNDA:0,(anonymous_1)
DA:1,6
DA:2,6
DA:3,0
DA:4,0
DA:5,0
DA:6,0
DA:7,0
DA:8,0
LF:8
LH:2
BRDA:2,0,0,0
BRDA:2,0,1,6
BRDA:2,1,0,6
BRDA:2,1,1,0
BRF:4
BRH:2
end_of_record
TN:
SF:src\API\API.js
FN:4,getAllLectures
FN:12,(anonymous_1)
FN:34,getLectures
FN:45,(anonymous_3)
FN:69,getLecturesStartDate
FN:81,(anonymous_5)
FN:104,getStats
FN:126,bookLecture
FN:128,(anonymous_8)
FN:136,(anonymous_9)
FN:146,(anonymous_10)
FN:154,cancelBooking
FN:156,(anonymous_12)
FN:164,(anonymous_13)
FN:174,(anonymous_14)
FN:182,getStudentsBooked
FN:201,deleteLecture
FN:204,(anonymous_17)
FN:212,(anonymous_18)
FN:225,(anonymous_19)
FN:235,userLogin
FN:236,(anonymous_21)
FN:245,(anonymous_22)
FN:259,(anonymous_23)
FN:269,isLogged
FN:281,turnLecture2
FN:282,(anonymous_26)
FN:290,(anonymous_27)
FN:297,(anonymous_28)
FN:300,(anonymous_29)
FN:309,(anonymous_30)
FN:315,turnLecture
FN:317,(anonymous_32)
FN:326,(anonymous_33)
FN:339,(anonymous_34)
FN:348,userLogout
FN:349,(anonymous_36)
FN:352,(anonymous_37)
FN:359,(anonymous_38)
FN:362,(anonymous_39)
FN:374,getStatesBookManager
FN:387,getStatesWeekly
FN:401,getStatesMonthly
FN:415,getAllCourses
FN:427,uploadCsv
FN:428,(anonymous_45)
FN:466,(anonymous_46)
FN:476,(anonymous_47)
FNF:48
FNH:17
FNDA:2,getAllLectures
FNDA:80,(anonymous_1)
FNDA:2,getLectures
FNDA:168,(anonymous_3)
FNDA:2,getLecturesStartDate
FNDA:68,(anonymous_5)
FNDA:0,getStats
FNDA:0,bookLecture
FNDA:0,(anonymous_8)
FNDA:0,(anonymous_9)
FNDA:0,(anonymous_10)
FNDA:0,cancelBooking
FNDA:0,(anonymous_12)
FNDA:0,(anonymous_13)
FNDA:0,(anonymous_14)
FNDA:0,getStudentsBooked
FNDA:0,deleteLecture
FNDA:0,(anonymous_17)
FNDA:0,(anonymous_18)
FNDA:0,(anonymous_19)
FNDA:4,userLogin
FNDA:4,(anonymous_21)
FNDA:4,(anonymous_22)
FNDA:0,(anonymous_23)
FNDA:5,isLogged
FNDA:0,turnLecture2
FNDA:0,(anonymous_26)
FNDA:0,(anonymous_27)
FNDA:0,(anonymous_28)
FNDA:0,(anonymous_29)
FNDA:0,(anonymous_30)
FNDA:0,turnLecture
FNDA:0,(anonymous_32)
FNDA:0,(anonymous_33)
FNDA:0,(anonymous_34)
FNDA:3,userLogout
FNDA:3,(anonymous_36)
FNDA:3,(anonymous_37)
FNDA:0,(anonymous_38)
FNDA:0,(anonymous_39)
FNDA:2,getStatesBookManager
FNDA:6,getStatesWeekly
FNDA:1,getStatesMonthly
FNDA:1,getAllCourses
FNDA:0,uploadCsv
FNDA:0,(anonymous_45)
FNDA:0,(anonymous_46)
FNDA:0,(anonymous_47)
DA:2,6
DA:6,2
DA:7,2
DA:8,2
DA:9,2
DA:10,2
DA:11,2
DA:13,80
DA:27,2
DA:29,0
DA:30,0
DA:35,2
DA:37,2
DA:40,2
DA:41,2
DA:42,2
DA:43,2
DA:44,2
DA:46,168
DA:61,2
DA:63,0
DA:64,0
DA:70,2
DA:72,2
DA:76,2
DA:77,2
DA:78,2
DA:79,2
DA:80,2
DA:82,68
DA:96,2
DA:98,0
DA:99,0
DA:105,0
DA:106,0
DA:107,0
DA:108,0
DA:110,0
DA:113,0
DA:114,0
DA:115,0
DA:116,0
DA:118,0
DA:119,0
DA:128,0
DA:130,0
DA:131,0
DA:132,0
DA:133,0
DA:135,0
DA:136,0
DA:137,0
DA:138,0
DA:139,0
DA:140,0
DA:142,0
DA:146,0
DA:147,0
DA:149,0
DA:156,0
DA:158,0
DA:159,0
DA:160,0
DA:161,0
DA:163,0
DA:164,0
DA:165,0
DA:166,0
DA:167,0
DA:168,0
DA:170,0
DA:174,0
DA:175,0
DA:177,0
DA:183,0
DA:184,0
DA:185,0
DA:186,0
DA:189,0
DA:191,0
DA:192,0
DA:193,0
DA:195,0
DA:196,0
DA:204,0
DA:206,0
DA:207,0
DA:208,0
DA:209,0
DA:211,0
DA:212,0
DA:214,0
DA:216,0
DA:217,0
DA:218,0
DA:221,0
DA:225,0
DA:227,0
DA:229,0
DA:236,4
DA:238,4
DA:239,4
DA:240,4
DA:241,4
DA:243,4
DA:245,4
DA:247,4
DA:249,4
DA:250,4
DA:251,4
DA:252,4
DA:255,0
DA:259,4
DA:260,0
DA:262,4
DA:270,5
DA:271,5
DA:273,5
DA:275,5
DA:277,0
DA:278,0
DA:282,0
DA:283,0
DA:291,0
DA:292,0
DA:295,0
DA:298,0
DA:301,0
DA:310,0
DA:317,0
DA:319,0
DA:320,0
DA:321,0
DA:323,0
DA:325,0
DA:326,0
DA:328,0
DA:330,0
DA:331,0
DA:332,0
DA:335,0
DA:339,0
DA:341,0
DA:343,0
DA:349,3
DA:350,3
DA:353,3
DA:354,3
DA:357,0
DA:360,0
DA:363,0
DA:375,2
DA:377,2
DA:378,2
DA:379,2
DA:380,2
DA:382,0
DA:383,0
DA:388,6
DA:389,6
DA:391,6
DA:392,6
DA:393,5
DA:394,5
DA:396,0
DA:397,0
DA:403,1
DA:405,1
DA:406,1
DA:407,1
DA:408,1
DA:410,0
DA:411,0
DA:416,1
DA:417,1
DA:418,1
DA:419,1
DA:420,1
DA:422,0
DA:423,0
DA:428,0
DA:430,0
DA:433,0
DA:435,0
DA:436,0
DA:437,0
DA:439,0
DA:440,0
DA:441,0
DA:443,0
DA:444,0
DA:445,0
DA:447,0
DA:448,0
DA:449,0
DA:451,0
DA:452,0
DA:453,0
DA:455,0
DA:456,0
DA:457,0
DA:459,0
DA:462,0
DA:464,0
DA:466,0
DA:467,0
DA:468,0
DA:469,0
DA:470,0
DA:472,0
DA:476,0
DA:477,0
DA:479,0
DA:483,6
LF:214
LH:71
BRDA:9,0,0,2
BRDA:9,0,1,0
BRDA:42,1,0,2
BRDA:42,1,1,0
BRDA:78,2,0,2
BRDA:78,2,1,0
BRDA:105,3,0,0
BRDA:105,3,1,0
BRDA:106,4,0,0
BRDA:106,4,1,0
BRDA:106,5,0,0
BRDA:106,5,1,0
BRDA:107,6,0,0
BRDA:107,6,1,0
BRDA:107,7,0,0
BRDA:107,7,1,0
BRDA:108,8,0,0
BRDA:108,8,1,0
BRDA:108,9,0,0
BRDA:108,9,1,0
BRDA:115,10,0,0
BRDA:115,10,1,0
BRDA:137,11,0,0
BRDA:137,11,1,0
BRDA:165,12,0,0
BRDA:165,12,1,0
BRDA:184,13,0,0
BRDA:184,13,1,0
BRDA:192,14,0,0
BRDA:192,14,1,0
BRDA:214,15,0,0
BRDA:214,15,1,0
BRDA:249,16,0,4
BRDA:249,16,1,0
BRDA:273,17,0,5
BRDA:273,17,1,0
BRDA:291,18,0,0
BRDA:291,18,1,0
BRDA:328,19,0,0
BRDA:328,19,1,0
BRDA:353,20,0,3
BRDA:353,20,1,0
BRDA:379,21,0,2
BRDA:379,21,1,0
BRDA:393,22,0,5
BRDA:393,22,1,0
BRDA:407,23,0,1
BRDA:407,23,1,0
BRDA:419,24,0,1
BRDA:419,24,1,0
BRDA:433,25,0,0
BRDA:433,25,1,0
BRDA:433,25,2,0
BRDA:433,25,3,0
BRDA:433,25,4,0
BRDA:433,25,5,0
BRDA:433,25,6,0
BRDA:467,26,0,0
BRDA:467,26,1,0
BRF:59
BRH:10
end_of_record
TN:
SF:src\API\Lecture.js
FN:2,(anonymous_0)
FN:16,(anonymous_1)
FN:49,(anonymous_2)
FNF:3
FNH:2
FNDA:316,(anonymous_0)
FNDA:632,(anonymous_1)
FNDA:0,(anonymous_2)
DA:16,316
DA:17,632
DA:18,632
DA:19,632
DA:20,632
DA:27,632
DA:30,316
DA:31,316
DA:32,316
DA:33,316
DA:34,316
DA:35,316
DA:36,316
DA:37,316
DA:38,316
DA:39,316
DA:40,316
DA:41,316
DA:50,0
DA:51,0
LF:20
LH:18
BRF:0
BRH:0
end_of_record
TN:
SF:src\auth\AuthContext.js
FNF:0
FNH:0
DA:3,6
LF:1
LH:1
BRF:0
BRH:0
end_of_record
TN:
SF:src\components\Calendar.js
FN:9,(anonymous_0)
FN:13,(anonymous_1)
FN:15,(anonymous_2)
FN:19,(anonymous_3)
FN:26,(anonymous_4)
FN:28,(anonymous_5)
FN:35,(anonymous_6)
FNF:7
FNH:5
FNDA:1,(anonymous_0)
FNDA:1,(anonymous_1)
FNDA:84,(anonymous_2)
FNDA:0,(anonymous_3)
FNDA:0,(anonymous_4)
FNDA:3,(anonymous_5)
FNDA:2,(anonymous_6)
DA:7,6
DA:10,1
DA:12,1
DA:15,1
DA:16,84
DA:19,1
DA:24,1
DA:26,0
DA:29,3
DA:30,2
DA:36,2
LF:11
LH:10
BRF:0
BRH:0
end_of_record
TN:
SF:src\components\DialogAlert.js
FN:10,DialogAlert
FN:13,(anonymous_1)
FN:14,(anonymous_2)
FN:32,(anonymous_3)
FN:56,(anonymous_4)
FNF:5
FNH:1
FNDA:42,DialogAlert
FNDA:0,(anonymous_1)
FNDA:0,(anonymous_2)
FNDA:0,(anonymous_3)
FNDA:0,(anonymous_4)
DA:11,42
DA:13,40
DA:14,40
DA:15,40
DA:16,20
DA:32,0
DA:40,20
DA:41,20
DA:56,0
LF:9
LH:7
BRDA:15,0,0,20
BRDA:15,0,1,20
BRDA:40,1,0,20
BRDA:40,1,1,0
BRF:4
BRH:3
end_of_record
TN:
SF:src\components\Lectures.js
FN:14,(anonymous_0)
FN:15,(anonymous_1)
FN:22,(anonymous_2)
FN:37,(anonymous_3)
FN:43,(anonymous_4)
FN:45,(anonymous_5)
FN:56,(anonymous_6)
FN:76,(anonymous_7)
FN:94,(anonymous_8)
FN:130,(anonymous_9)
FN:150,LectureRow
FN:164,LectureData
FN:181,(anonymous_12)
FN:194,(anonymous_13)
FNF:14
FNH:1
FNDA:0,(anonymous_0)
FNDA:0,(anonymous_1)
FNDA:2,(anonymous_2)
FNDA:0,(anonymous_3)
FNDA:0,(anonymous_4)
FNDA:0,(anonymous_5)
FNDA:0,(anonymous_6)
FNDA:0,(anonymous_7)
FNDA:0,(anonymous_8)
FNDA:0,(anonymous_9)
FNDA:0,LectureRow
FNDA:0,LectureData
FNDA:0,(anonymous_12)
FNDA:0,(anonymous_13)
DA:10,2
DA:14,2
DA:15,0
DA:16,0
DA:23,2
DA:38,0
DA:44,0
DA:46,0
DA:56,0
DA:77,0
DA:95,0
DA:131,0
DA:151,0
DA:165,0
DA:182,0
DA:183,0
DA:195,0
LF:17
LH:3
BRDA:74,0,0,2
BRDA:74,0,1,0
BRDA:77,1,0,0
BRDA:77,1,1,0
BRDA:95,2,0,0
BRDA:95,2,1,0
BRDA:131,3,0,0
BRDA:131,3,1,0
BRDA:169,4,0,0
BRDA:169,4,1,0
BRDA:170,5,0,0
BRDA:170,5,1,0
BRDA:172,6,0,0
BRDA:172,6,1,0
BRDA:176,7,0,0
BRDA:176,7,1,0
BRDA:178,8,0,0
BRDA:178,8,1,0
BRDA:186,9,0,0
BRDA:186,9,1,0
BRDA:212,10,0,0
BRDA:212,10,1,0
BRDA:216,11,0,0
BRDA:216,11,1,0
BRF:24
BRH:1
end_of_record
TN:
SF:src\components\LoginPage.js
FN:16,(anonymous_0)
FN:24,(anonymous_1)
FN:34,(anonymous_2)
FN:39,(anonymous_3)
FN:42,(anonymous_4)
FN:48,(anonymous_5)
FNF:6
FNH:6
FNDA:18,(anonymous_0)
FNDA:59,(anonymous_1)
FNDA:4,(anonymous_2)
FNDA:144,(anonymous_3)
FNDA:72,(anonymous_4)
FNDA:4,(anonymous_5)
DA:17,18
DA:18,18
DA:24,18
DA:25,59
DA:26,59
DA:27,59
DA:29,59
DA:34,18
DA:35,4
DA:36,4
DA:40,144
DA:43,72
DA:49,4
LF:13
LH:13
BRF:0
BRH:0
end_of_record
TN:
SF:src\components\Student.js
FN:7,(anonymous_0)
FN:17,(anonymous_1)
FN:22,(anonymous_2)
FN:27,(anonymous_3)
FN:36,(anonymous_4)
FN:44,(anonymous_5)
FN:54,(anonymous_6)
FN:59,(anonymous_7)
FN:63,(anonymous_8)
FN:66,(anonymous_9)
FN:69,(anonymous_10)
FN:72,(anonymous_11)
FN:79,(anonymous_12)
FN:82,(anonymous_13)
FN:85,(anonymous_14)
FNF:15
FNH:6
FNDA:3,(anonymous_0)
FNDA:0,(anonymous_1)
FNDA:0,(anonymous_2)
FNDA:0,(anonymous_3)
FNDA:0,(anonymous_4)
FNDA:0,(anonymous_5)
FNDA:0,(anonymous_6)
FNDA:0,(anonymous_7)
FNDA:0,(anonymous_8)
FNDA:1,(anonymous_9)
FNDA:1,(anonymous_10)
FNDA:84,(anonymous_11)
FNDA:0,(anonymous_12)
FNDA:2,(anonymous_13)
FNDA:1,(anonymous_14)
DA:8,3
DA:9,2
DA:17,2
DA:18,0
DA:19,0
DA:20,0
DA:21,0
DA:23,0
DA:24,0
DA:25,0
DA:27,0
DA:36,2
DA:37,0
DA:38,0
DA:39,0
DA:40,0
DA:41,0
DA:42,0
DA:44,0
DA:45,0
DA:48,0
DA:49,0
DA:54,2
DA:55,0
DA:56,0
DA:58,0
DA:60,0
DA:61,0
DA:63,0
DA:67,1
DA:68,1
DA:70,1
DA:71,1
DA:72,1
DA:73,84
DA:75,1
DA:76,1
DA:77,1
DA:79,0
DA:83,2
DA:86,1
LF:41
LH:16
BRDA:38,0,0,0
BRDA:38,0,1,0
BRDA:87,1,0,1
BRDA:87,1,1,0
BRF:4
BRH:1
end_of_record
TN:
SF:src\components\SupportOfficer.js
FN:7,(anonymous_0)
FN:13,(anonymous_1)
FN:16,(anonymous_2)
FNF:3
FNH:0
FNDA:0,(anonymous_0)
FNDA:0,(anonymous_1)
FNDA:0,(anonymous_2)
DA:8,0
DA:9,0
DA:14,0
DA:17,0
LF:4
LH:0
BRDA:18,0,0,0
BRDA:18,0,1,0
BRF:2
BRH:0
end_of_record
TN:
SF:src\components\Teacher.js
FN:23,(anonymous_0)
FN:40,(anonymous_1)
FN:45,(anonymous_2)
FN:55,(anonymous_3)
FN:57,(anonymous_4)
FN:62,(anonymous_5)
FN:67,(anonymous_6)
FN:69,(anonymous_7)
FN:74,(anonymous_8)
FN:80,(anonymous_9)
FN:82,(anonymous_10)
FN:87,(anonymous_11)
FN:92,(anonymous_12)
FN:97,(anonymous_13)
FN:101,(anonymous_14)
FN:104,(anonymous_15)
FN:108,(anonymous_16)
FN:112,(anonymous_17)
FN:114,(anonymous_18)
FN:125,(anonymous_19)
FN:127,(anonymous_20)
FN:128,(anonymous_21)
FN:133,(anonymous_22)
FN:147,(anonymous_23)
FN:149,(anonymous_24)
FN:156,(anonymous_25)
FN:159,(anonymous_26)
FN:169,(anonymous_27)
FN:171,(anonymous_28)
FN:180,(anonymous_29)
FN:198,(anonymous_30)
FN:209,(anonymous_31)
FN:230,(anonymous_32)
FNF:33
FNH:12
FNDA:6,(anonymous_0)
FNDA:2,(anonymous_1)
FNDA:2,(anonymous_2)
FNDA:2,(anonymous_3)
FNDA:2,(anonymous_4)
FNDA:0,(anonymous_5)
FNDA:0,(anonymous_6)
FNDA:0,(anonymous_7)
FNDA:0,(anonymous_8)
FNDA:0,(anonymous_9)
FNDA:0,(anonymous_10)
FNDA:0,(anonymous_11)
FNDA:0,(anonymous_12)
FNDA:0,(anonymous_13)
FNDA:0,(anonymous_14)
FNDA:0,(anonymous_15)
FNDA:0,(anonymous_16)
FNDA:0,(anonymous_17)
FNDA:0,(anonymous_18)
FNDA:12,(anonymous_19)
FNDA:136,(anonymous_20)
FNDA:136,(anonymous_21)
FNDA:6,(anonymous_22)
FNDA:0,(anonymous_23)
FNDA:2,(anonymous_24)
FNDA:0,(anonymous_25)
FNDA:0,(anonymous_26)
FNDA:68,(anonymous_27)
FNDA:10,(anonymous_28)
FNDA:0,(anonymous_29)
FNDA:0,(anonymous_30)
FNDA:0,(anonymous_31)
FNDA:0,(anonymous_32)
DA:20,6
DA:24,6
DA:26,4
DA:36,4
DA:41,2
DA:42,2
DA:45,4
DA:46,2
DA:47,2
DA:48,2
DA:51,0
DA:55,4
DA:56,2
DA:58,2
DA:63,0
DA:68,0
DA:70,0
DA:75,0
DA:81,0
DA:83,0
DA:84,0
DA:85,0
DA:88,0
DA:93,0
DA:98,0
DA:103,0
DA:105,0
DA:109,0
DA:113,0
DA:114,0
DA:115,0
DA:116,0
DA:118,0
DA:119,0
DA:121,0
DA:126,12
DA:127,136
DA:128,136
DA:130,12
DA:134,6
DA:147,0
DA:150,2
DA:156,0
DA:159,0
DA:169,68
DA:172,10
DA:181,0
DA:186,0
DA:198,0
DA:209,0
DA:231,0
DA:258,6
LF:52
LH:22
BRDA:59,0,0,2
BRDA:59,0,1,0
BRDA:71,1,0,0
BRDA:71,1,1,0
BRDA:115,2,0,0
BRDA:115,2,1,0
BRDA:116,3,0,0
BRDA:116,3,1,0
BRDA:118,4,0,0
BRDA:118,4,1,0
BRDA:119,5,0,0
BRDA:119,5,1,0
BRDA:135,6,0,6
BRDA:135,6,1,0
BRDA:175,7,0,0
BRDA:175,7,1,10
BRDA:190,8,0,0
BRDA:190,8,1,10
BRDA:191,9,0,0
BRDA:191,9,1,10
BRDA:220,10,0,2
BRDA:220,10,1,0
BRDA:222,11,0,0
BRDA:222,11,1,2
BRDA:222,12,0,2
BRDA:222,12,1,0
BRF:26
BRH:8
end_of_record
TN:
SF:src\components\Upload.js
FN:13,(anonymous_0)
FN:21,(anonymous_1)
FN:24,(anonymous_2)
FN:33,(anonymous_3)
FN:38,(anonymous_4)
FN:63,(anonymous_5)
FNF:6
FNH:0
FNDA:0,(anonymous_0)
FNDA:0,(anonymous_1)
FNDA:0,(anonymous_2)
FNDA:0,(anonymous_3)
FNDA:0,(anonymous_4)
FNDA:0,(anonymous_5)
DA:7,0
DA:13,0
DA:15,0
DA:23,0
DA:25,0
DA:26,0
DA:27,0
DA:28,0
DA:34,0
DA:39,0
DA:63,0
LF:11
LH:0
BRDA:25,0,0,0
BRDA:25,0,1,0
BRDA:27,1,0,0
BRDA:27,1,1,0
BRDA:43,2,0,0
BRDA:43,2,1,0
BRDA:48,3,0,0
BRDA:48,3,1,0
BRF:8
BRH:0
end_of_record
TN:
SF:src\components\UsageMonitor.js
FN:40,(anonymous_0)
FN:66,(anonymous_1)
FN:71,(anonymous_2)
FN:91,(anonymous_3)
FN:103,(anonymous_4)
FN:104,(anonymous_5)
FN:140,(anonymous_6)
FN:161,(anonymous_7)
FN:198,(anonymous_8)
FN:217,(anonymous_9)
FN:226,(anonymous_10)
FN:240,(anonymous_11)
FN:281,(anonymous_12)
FN:284,(anonymous_13)
FN:337,(anonymous_14)
FN:384,(anonymous_15)
FN:418,(anonymous_16)
FNF:17
FNH:17
FNDA:3,(anonymous_0)
FNDA:1,(anonymous_1)
FNDA:1,(anonymous_2)
FNDA:1,(anonymous_3)
FNDA:2,(anonymous_4)
FNDA:2,(anonymous_5)
FNDA:3,(anonymous_6)
FNDA:5,(anonymous_7)
FNDA:6,(anonymous_8)
FNDA:5,(anonymous_9)
FNDA:1,(anonymous_10)
FNDA:1,(anonymous_11)
FNDA:82,(anonymous_12)
FNDA:41,(anonymous_13)
FNDA:111,(anonymous_14)
FNDA:111,(anonymous_15)
FNDA:1,(anonymous_16)
DA:41,3
DA:42,2
DA:62,2
DA:66,2
DA:68,1
DA:69,1
DA:71,1
DA:72,1
DA:76,1
DA:91,2
DA:93,1
DA:94,1
DA:98,1
DA:99,1
DA:103,2
DA:104,2
DA:105,2
DA:108,2
DA:134,2
DA:140,2
DA:141,3
DA:142,3
DA:143,3
DA:149,3
DA:150,1
DA:153,3
DA:154,1
DA:155,6
DA:156,6
DA:160,6
DA:162,5
DA:167,5
DA:169,5
DA:178,5
DA:179,5
DA:180,5
DA:181,5
DA:186,5
DA:193,2
DA:198,2
DA:199,6
DA:200,6
DA:202,6
DA:204,6
DA:206,6
DA:217,2
DA:218,5
DA:219,5
DA:220,5
DA:221,5
DA:222,0
DA:223,5
DA:227,1
DA:231,1
DA:235,1
DA:236,1
DA:241,1
DA:244,1
DA:245,1
DA:275,1
DA:282,82
DA:285,41
DA:338,111
DA:385,111
DA:418,1
LF:65
LH:64
BRDA:68,0,0,1
BRDA:68,0,1,0
BRDA:149,1,0,1
BRDA:149,1,1,2
BRDA:153,2,0,1
BRDA:153,2,1,2
BRDA:221,3,0,5
BRDA:221,3,1,0
BRDA:286,4,0,41
BRDA:286,4,1,0
BRDA:340,5,0,74
BRDA:340,5,1,37
BRDA:408,6,0,41
BRDA:408,6,1,14
BRDA:431,7,0,41
BRDA:431,7,1,4
BRDA:449,8,0,41
BRDA:449,8,1,14
BRDA:489,9,0,41
BRDA:489,9,1,8
BRF:20
BRH:17
end_of_record
TN:
SF:src\components\nav.js
FN:8,(anonymous_0)
FN:11,(anonymous_1)
FN:77,(anonymous_2)
FNF:3
FNH:3
FNDA:70,(anonymous_0)
FNDA:35,(anonymous_1)
FNDA:3,(anonymous_2)
DA:9,70
DA:12,35
DA:77,3
LF:3
LH:3
BRDA:13,0,0,17
BRDA:13,0,1,18
BRDA:20,1,0,17
BRDA:20,1,1,4
BRDA:28,2,0,17
BRDA:28,2,1,4
BRDA:43,3,0,17
BRDA:43,3,1,8
BRDA:50,4,0,17
BRDA:50,4,1,8
BRDA:61,5,0,17
BRDA:61,5,1,3
BRF:12
BRH:12
end_of_record
TN:
SF:src\components\Teacher\HistoricalData.js
FN:26,(anonymous_0)
FN:45,(anonymous_1)
FN:51,(anonymous_2)
FN:63,(anonymous_3)
FN:65,(anonymous_4)
FN:68,(anonymous_5)
FN:73,(anonymous_6)
FN:83,(anonymous_7)
FN:88,(anonymous_8)
FN:100,(anonymous_9)
FN:106,(anonymous_10)
FN:108,(anonymous_11)
FN:111,(anonymous_12)
FN:143,(anonymous_13)
FN:148,(anonymous_14)
FN:183,(anonymous_15)
FN:190,(anonymous_16)
FN:197,(anonymous_17)
FN:209,(anonymous_18)
FN:214,(anonymous_19)
FN:218,(anonymous_20)
FN:233,(anonymous_21)
FN:234,(anonymous_22)
FN:235,(anonymous_23)
FN:246,(anonymous_24)
FN:247,(anonymous_25)
FN:256,(anonymous_26)
FN:259,(anonymous_27)
FN:277,(anonymous_28)
FNF:29
FNH:9
FNDA:4,(anonymous_0)
FNDA:2,(anonymous_1)
FNDA:2,(anonymous_2)
FNDA:2,(anonymous_3)
FNDA:2,(anonymous_4)
FNDA:80,(anonymous_5)
FNDA:12,(anonymous_6)
FNDA:0,(anonymous_7)
FNDA:0,(anonymous_8)
FNDA:0,(anonymous_9)
FNDA:0,(anonymous_10)
FNDA:0,(anonymous_11)
FNDA:0,(anonymous_12)
FNDA:0,(anonymous_13)
FNDA:0,(anonymous_14)
FNDA:0,(anonymous_15)
FNDA:0,(anonymous_16)
FNDA:0,(anonymous_17)
FNDA:0,(anonymous_18)
FNDA:32,(anonymous_19)
FNDA:16,(anonymous_20)
FNDA:0,(anonymous_21)
FNDA:0,(anonymous_22)
FNDA:0,(anonymous_23)
FNDA:0,(anonymous_24)
FNDA:0,(anonymous_25)
FNDA:0,(anonymous_26)
FNDA:0,(anonymous_27)
FNDA:0,(anonymous_28)
DA:19,6
DA:21,6
DA:27,4
DA:29,4
DA:42,4
DA:46,2
DA:47,2
DA:48,2
DA:51,4
DA:52,2
DA:53,2
DA:54,2
DA:57,0
DA:63,4
DA:64,2
DA:66,2
DA:67,2
DA:68,80
DA:70,2
DA:72,2
DA:73,2
DA:74,12
DA:75,12
DA:76,12
DA:79,2
DA:80,2
DA:81,2
DA:84,0
DA:88,4
DA:89,0
DA:90,0
DA:92,0
DA:94,0
DA:96,0
DA:100,4
DA:101,0
DA:102,0
DA:106,4
DA:107,0
DA:110,0
DA:111,0
DA:112,0
DA:113,0
DA:114,0
DA:115,0
DA:116,0
DA:118,0
DA:119,0
DA:121,0
DA:122,0
DA:124,0
DA:125,0
DA:129,0
DA:130,0
DA:131,0
DA:133,0
DA:134,0
DA:135,0
DA:137,0
DA:138,0
DA:144,0
DA:149,0
DA:151,0
DA:166,0
DA:167,0
DA:169,0
DA:171,0
DA:172,0
DA:173,0
DA:174,0
DA:178,0
DA:179,0
DA:181,0
DA:182,0
DA:183,0
DA:185,0
DA:187,0
DA:188,0
DA:189,0
DA:190,0
DA:194,0
DA:199,0
DA:200,0
DA:202,0
DA:203,0
DA:206,0
DA:210,0
DA:211,0
DA:216,32
DA:219,16
DA:233,0
DA:234,0
DA:235,0
DA:247,0
DA:256,0
DA:259,0
DA:278,0
DA:319,6
LF:98
LH:32
BRDA:68,0,0,2
BRDA:68,0,1,0
BRDA:111,1,0,0
BRDA:111,1,1,0
BRDA:111,2,0,0
BRDA:111,2,1,0
BRDA:112,3,0,0
BRDA:112,3,1,0
BRDA:112,4,0,0
BRDA:112,4,1,0
BRDA:113,5,0,0
BRDA:113,5,1,0
BRDA:113,6,0,0
BRDA:113,6,1,0
BRDA:114,7,0,0
BRDA:114,7,1,0
BRDA:114,7,2,0
BRDA:116,8,0,0
BRDA:116,8,1,0
BRDA:116,8,2,0
BRDA:118,9,0,0
BRDA:118,9,1,0
BRDA:118,10,0,0
BRDA:118,10,1,0
BRDA:121,11,0,0
BRDA:121,11,1,0
BRDA:129,12,0,0
BRDA:129,12,1,0
BRDA:133,13,0,0
BRDA:133,13,1,0
BRDA:134,14,0,0
BRDA:134,14,1,0
BRDA:169,15,0,0
BRDA:169,15,1,0
BRDA:173,16,0,0
BRDA:173,16,1,0
BRDA:178,17,0,0
BRDA:178,17,1,0
BRDA:185,18,0,0
BRDA:185,18,1,0
BRDA:199,19,0,0
BRDA:199,19,1,0
BRDA:202,20,0,0
BRDA:202,20,1,0
BRDA:220,21,0,16
BRDA:220,21,1,0
BRDA:223,22,0,12
BRDA:223,22,1,4
BRDA:240,23,0,4
BRDA:240,23,1,0
BRDA:240,24,0,4
BRDA:240,24,1,4
BRDA:254,25,0,4
BRDA:254,25,1,0
BRDA:256,26,0,0
BRDA:256,26,1,0
BRDA:256,27,0,0
BRDA:256,27,1,0
BRDA:259,28,0,0
BRDA:259,28,1,0
BRF:60
BRH:8
end_of_record
TN:
SF:src\data\consts.js
FNF:0
FNH:0
DA:1,6
LF:1
LH:1
BRF:0
BRH:0
end_of_record
